The system is: CYGWIN - 2.10.0(0.325/5/3) - x86_64
Compiling the C compiler identification source file "CMakeCCompilerId.c" succeeded.
Compiler: /cygdrive/c/cygwin64/bin/cc 
Build flags: 
Id flags:  

The output was:
0


Compilation of the C compiler identification source "CMakeCCompilerId.c" produced "a.exe"

The C compiler identification is GNU, found in "/cygdrive/c/Users/lolwuz/Documents/GitHub/C4-lolwuz/cmake-build-debug/CMakeFiles/3.9.6/CompilerIdC/a.exe"

Compiling the CXX compiler identification source file "CMakeCXXCompilerId.cpp" succeeded.
Compiler: /cygdrive/c/cygwin64/bin/c++.exe 
Build flags: 
Id flags:  

The output was:
0


Compilation of the CXX compiler identification source "CMakeCXXCompilerId.cpp" produced "a.exe"

The CXX compiler identification is GNU, found in "/cygdrive/c/Users/lolwuz/Documents/GitHub/C4-lolwuz/cmake-build-debug/CMakeFiles/3.9.6/CompilerIdCXX/a.exe"

Determining if the C compiler works passed with the following output:
Change Dir: /cygdrive/c/Users/lolwuz/Documents/GitHub/C4-lolwuz/cmake-build-debug/CMakeFiles/CMakeTmp

Run Build Command:"/cygdrive/c/cygwin64/bin/make.exe" "cmTC_d3798/fast"
/cygdrive/c/cygwin64/bin/make -f CMakeFiles/cmTC_d3798.dir/build.make CMakeFiles/cmTC_d3798.dir/build
make[1]: Entering directory '/cygdrive/c/Users/lolwuz/Documents/GitHub/C4-lolwuz/cmake-build-debug/CMakeFiles/CMakeTmp'
Building C object CMakeFiles/cmTC_d3798.dir/testCCompiler.c.o
/cygdrive/c/cygwin64/bin/cc    -o CMakeFiles/cmTC_d3798.dir/testCCompiler.c.o   -c /cygdrive/c/Users/lolwuz/Documents/GitHub/C4-lolwuz/cmake-build-debug/CMakeFiles/CMakeTmp/testCCompiler.c
Linking C executable cmTC_d3798.exe
/cygdrive/c/Users/lolwuz/.CLion2017.3/system/cygwin_cmake/bin/cmake.exe -E cmake_link_script CMakeFiles/cmTC_d3798.dir/link.txt --verbose=1
/cygdrive/c/cygwin64/bin/cc    -Wl,--enable-auto-import  CMakeFiles/cmTC_d3798.dir/testCCompiler.c.o  -o cmTC_d3798.exe -Wl,--out-implib,libcmTC_d3798.dll.a -Wl,--major-image-version,0,--minor-image-version,0 
make[1]: Leaving directory '/cygdrive/c/Users/lolwuz/Documents/GitHub/C4-lolwuz/cmake-build-debug/CMakeFiles/CMakeTmp'


Detecting C compiler ABI info compiled with the following output:
Change Dir: /cygdrive/c/Users/lolwuz/Documents/GitHub/C4-lolwuz/cmake-build-debug/CMakeFiles/CMakeTmp

Run Build Command:"/cygdrive/c/cygwin64/bin/make.exe" "cmTC_15a91/fast"
/cygdrive/c/cygwin64/bin/make -f CMakeFiles/cmTC_15a91.dir/build.make CMakeFiles/cmTC_15a91.dir/build
make[1]: Entering directory '/cygdrive/c/Users/lolwuz/Documents/GitHub/C4-lolwuz/cmake-build-debug/CMakeFiles/CMakeTmp'
Building C object CMakeFiles/cmTC_15a91.dir/CMakeCCompilerABI.c.o
/cygdrive/c/cygwin64/bin/cc    -o CMakeFiles/cmTC_15a91.dir/CMakeCCompilerABI.c.o   -c /cygdrive/c/Users/lolwuz/.CLion2017.3/system/cygwin_cmake/share/cmake-3.9.6/Modules/CMakeCCompilerABI.c
Linking C executable cmTC_15a91.exe
/cygdrive/c/Users/lolwuz/.CLion2017.3/system/cygwin_cmake/bin/cmake.exe -E cmake_link_script CMakeFiles/cmTC_15a91.dir/link.txt --verbose=1
/cygdrive/c/cygwin64/bin/cc    -Wl,--enable-auto-import -v CMakeFiles/cmTC_15a91.dir/CMakeCCompilerABI.c.o  -o cmTC_15a91.exe -Wl,--out-implib,libcmTC_15a91.dll.a -Wl,--major-image-version,0,--minor-image-version,0 
Using built-in specs.
COLLECT_GCC=/cygdrive/c/cygwin64/bin/cc
COLLECT_LTO_WRAPPER=/cygdrive/c/cygwin64/bin/../lib/gcc/x86_64-pc-cygwin/6.4.0/lto-wrapper.exe
Target: x86_64-pc-cygwin
Configured with: /cygdrive/i/szsz/tmpp/gcc/gcc-6.4.0-5.x86_64/src/gcc-6.4.0/configure --srcdir=/cygdrive/i/szsz/tmpp/gcc/gcc-6.4.0-5.x86_64/src/gcc-6.4.0 --prefix=/usr --exec-prefix=/usr --localstatedir=/var --sysconfdir=/etc --docdir=/usr/share/doc/gcc --htmldir=/usr/share/doc/gcc/html -C --build=x86_64-pc-cygwin --host=x86_64-pc-cygwin --target=x86_64-pc-cygwin --without-libiconv-prefix --without-libintl-prefix --libexecdir=/usr/lib --enable-shared --enable-shared-libgcc --enable-static --enable-version-specific-runtime-libs --enable-bootstrap --enable-__cxa_atexit --with-dwarf2 --with-tune=generic --enable-languages=ada,c,c++,fortran,lto,objc,obj-c++ --enable-graphite --enable-threads=posix --enable-libatomic --enable-libcilkrts --enable-libgomp --enable-libitm --enable-libquadmath --enable-libquadmath-support --disable-libssp --enable-libada --disable-symvers --with-gnu-ld --with-gnu-as --with-cloog-include=/usr/include/cloog-isl --without-libiconv-prefix --without-libintl-prefix --with-system-zlib --enable-linker-build-id --with-default-libstdcxx-abi=gcc4-compatible
Thread model: posix
gcc version 6.4.0 (GCC) 
COMPILER_PATH=/cygdrive/c/cygwin64/bin/../lib/gcc/x86_64-pc-cygwin/6.4.0/:/cygdrive/c/cygwin64/bin/../lib/gcc/
LIBRARY_PATH=/cygdrive/c/cygwin64/bin/../lib/gcc/x86_64-pc-cygwin/6.4.0/:/cygdrive/c/cygwin64/bin/../lib/gcc/:/cygdrive/c/cygwin64/bin/../lib/gcc/x86_64-pc-cygwin/6.4.0/../../../../lib/:/lib/../lib/:/usr/lib/../lib/:/cygdrive/c/cygwin64/bin/../lib/gcc/x86_64-pc-cygwin/6.4.0/../../../:/lib/:/usr/lib/
COLLECT_GCC_OPTIONS='-v' '-o' 'cmTC_15a91.exe' '-mtune=generic' '-march=x86-64'
 /cygdrive/c/cygwin64/bin/../lib/gcc/x86_64-pc-cygwin/6.4.0/collect2.exe -plugin /cygdrive/c/cygwin64/bin/../lib/gcc/x86_64-pc-cygwin/6.4.0/cyglto_plugin.dll -plugin-opt=/cygdrive/c/cygwin64/bin/../lib/gcc/x86_64-pc-cygwin/6.4.0/lto-wrapper.exe -plugin-opt=-fresolution=/tmp/ccpR4RGQ.res -plugin-opt=-pass-through=-lgcc_s -plugin-opt=-pass-through=-lgcc -plugin-opt=-pass-through=-lcygwin -plugin-opt=-pass-through=-ladvapi32 -plugin-opt=-pass-through=-lshell32 -plugin-opt=-pass-through=-luser32 -plugin-opt=-pass-through=-lkernel32 -plugin-opt=-pass-through=-lgcc_s -plugin-opt=-pass-through=-lgcc --build-id -m i386pep --wrap _Znwm --wrap _Znam --wrap _ZdlPv --wrap _ZdaPv --wrap _ZnwmRKSt9nothrow_t --wrap _ZnamRKSt9nothrow_t --wrap _ZdlPvRKSt9nothrow_t --wrap _ZdaPvRKSt9nothrow_t -Bdynamic --dll-search-prefix=cyg --tsaware -o cmTC_15a91.exe /cygdrive/c/cygwin64/bin/../lib/gcc/x86_64-pc-cygwin/6.4.0/../../../../lib/crt0.o /cygdrive/c/cygwin64/bin/../lib/gcc/x86_64-pc-cygwin/6.4.0/crtbegin.o -L/cygdrive/c/cygwin64/bin/../lib/gcc/x86_64-pc-cygwin/6.4.0 -L/cygdrive/c/cygwin64/bin/../lib/gcc -L/cygdrive/c/cygwin64/bin/../lib/gcc/x86_64-pc-cygwin/6.4.0/../../../../lib -L/lib/../lib -L/usr/lib/../lib -L/cygdrive/c/cygwin64/bin/../lib/gcc/x86_64-pc-cygwin/6.4.0/../../.. --enable-auto-import CMakeFiles/cmTC_15a91.dir/CMakeCCompilerABI.c.o --out-implib libcmTC_15a91.dll.a --major-image-version 0 --minor-image-version 0 -lgcc_s -lgcc -lcygwin -ladvapi32 -lshell32 -luser32 -lkernel32 -lgcc_s -lgcc /cygdrive/c/cygwin64/bin/../lib/gcc/x86_64-pc-cygwin/6.4.0/../../../../lib/default-manifest.o /cygdrive/c/cygwin64/bin/../lib/gcc/x86_64-pc-cygwin/6.4.0/crtend.o
COLLECT_GCC_OPTIONS='-v' '-o' 'cmTC_15a91.exe' '-mtune=generic' '-march=x86-64'
make[1]: Leaving directory '/cygdrive/c/Users/lolwuz/Documents/GitHub/C4-lolwuz/cmake-build-debug/CMakeFiles/CMakeTmp'


Parsed C implicit link information from above output:
  link line regex: [^( *|.*[/\])(ld\.exe|CMAKE_LINK_STARTFILE-NOTFOUND|([^/\]+-)?ld|collect2)[^/\]*( |$)]
  ignore line: [Change Dir: /cygdrive/c/Users/lolwuz/Documents/GitHub/C4-lolwuz/cmake-build-debug/CMakeFiles/CMakeTmp]
  ignore line: []
  ignore line: [Run Build Command:"/cygdrive/c/cygwin64/bin/make.exe" "cmTC_15a91/fast"]
  ignore line: [/cygdrive/c/cygwin64/bin/make -f CMakeFiles/cmTC_15a91.dir/build.make CMakeFiles/cmTC_15a91.dir/build]
  ignore line: [make[1]: Entering directory '/cygdrive/c/Users/lolwuz/Documents/GitHub/C4-lolwuz/cmake-build-debug/CMakeFiles/CMakeTmp']
  ignore line: [Building C object CMakeFiles/cmTC_15a91.dir/CMakeCCompilerABI.c.o]
  ignore line: [/cygdrive/c/cygwin64/bin/cc    -o CMakeFiles/cmTC_15a91.dir/CMakeCCompilerABI.c.o   -c /cygdrive/c/Users/lolwuz/.CLion2017.3/system/cygwin_cmake/share/cmake-3.9.6/Modules/CMakeCCompilerABI.c]
  ignore line: [Linking C executable cmTC_15a91.exe]
  ignore line: [/cygdrive/c/Users/lolwuz/.CLion2017.3/system/cygwin_cmake/bin/cmake.exe -E cmake_link_script CMakeFiles/cmTC_15a91.dir/link.txt --verbose=1]
  ignore line: [/cygdrive/c/cygwin64/bin/cc    -Wl,--enable-auto-import -v CMakeFiles/cmTC_15a91.dir/CMakeCCompilerABI.c.o  -o cmTC_15a91.exe -Wl,--out-implib,libcmTC_15a91.dll.a -Wl,--major-image-version,0,--minor-image-version,0 ]
  ignore line: [Using built-in specs.]
  ignore line: [COLLECT_GCC=/cygdrive/c/cygwin64/bin/cc]
  ignore line: [COLLECT_LTO_WRAPPER=/cygdrive/c/cygwin64/bin/../lib/gcc/x86_64-pc-cygwin/6.4.0/lto-wrapper.exe]
  ignore line: [Target: x86_64-pc-cygwin]
  ignore line: [Configured with: /cygdrive/i/szsz/tmpp/gcc/gcc-6.4.0-5.x86_64/src/gcc-6.4.0/configure --srcdir=/cygdrive/i/szsz/tmpp/gcc/gcc-6.4.0-5.x86_64/src/gcc-6.4.0 --prefix=/usr --exec-prefix=/usr --localstatedir=/var --sysconfdir=/etc --docdir=/usr/share/doc/gcc --htmldir=/usr/share/doc/gcc/html -C --build=x86_64-pc-cygwin --host=x86_64-pc-cygwin --target=x86_64-pc-cygwin --without-libiconv-prefix --without-libintl-prefix --libexecdir=/usr/lib --enable-shared --enable-shared-libgcc --enable-static --enable-version-specific-runtime-libs --enable-bootstrap --enable-__cxa_atexit --with-dwarf2 --with-tune=generic --enable-languages=ada,c,c++,fortran,lto,objc,obj-c++ --enable-graphite --enable-threads=posix --enable-libatomic --enable-libcilkrts --enable-libgomp --enable-libitm --enable-libquadmath --enable-libquadmath-support --disable-libssp --enable-libada --disable-symvers --with-gnu-ld --with-gnu-as --with-cloog-include=/usr/include/cloog-isl --without-libiconv-prefix --without-libintl-prefix --with-system-zlib --enable-linker-build-id --with-default-libstdcxx-abi=gcc4-compatible]
  ignore line: [Thread model: posix]
  ignore line: [gcc version 6.4.0 (GCC) ]
  ignore line: [COMPILER_PATH=/cygdrive/c/cygwin64/bin/../lib/gcc/x86_64-pc-cygwin/6.4.0/:/cygdrive/c/cygwin64/bin/../lib/gcc/]
  ignore line: [LIBRARY_PATH=/cygdrive/c/cygwin64/bin/../lib/gcc/x86_64-pc-cygwin/6.4.0/:/cygdrive/c/cygwin64/bin/../lib/gcc/:/cygdrive/c/cygwin64/bin/../lib/gcc/x86_64-pc-cygwin/6.4.0/../../../../lib/:/lib/../lib/:/usr/lib/../lib/:/cygdrive/c/cygwin64/bin/../lib/gcc/x86_64-pc-cygwin/6.4.0/../../../:/lib/:/usr/lib/]
  ignore line: [COLLECT_GCC_OPTIONS='-v' '-o' 'cmTC_15a91.exe' '-mtune=generic' '-march=x86-64']
  link line: [ /cygdrive/c/cygwin64/bin/../lib/gcc/x86_64-pc-cygwin/6.4.0/collect2.exe -plugin /cygdrive/c/cygwin64/bin/../lib/gcc/x86_64-pc-cygwin/6.4.0/cyglto_plugin.dll -plugin-opt=/cygdrive/c/cygwin64/bin/../lib/gcc/x86_64-pc-cygwin/6.4.0/lto-wrapper.exe -plugin-opt=-fresolution=/tmp/ccpR4RGQ.res -plugin-opt=-pass-through=-lgcc_s -plugin-opt=-pass-through=-lgcc -plugin-opt=-pass-through=-lcygwin -plugin-opt=-pass-through=-ladvapi32 -plugin-opt=-pass-through=-lshell32 -plugin-opt=-pass-through=-luser32 -plugin-opt=-pass-through=-lkernel32 -plugin-opt=-pass-through=-lgcc_s -plugin-opt=-pass-through=-lgcc --build-id -m i386pep --wrap _Znwm --wrap _Znam --wrap _ZdlPv --wrap _ZdaPv --wrap _ZnwmRKSt9nothrow_t --wrap _ZnamRKSt9nothrow_t --wrap _ZdlPvRKSt9nothrow_t --wrap _ZdaPvRKSt9nothrow_t -Bdynamic --dll-search-prefix=cyg --tsaware -o cmTC_15a91.exe /cygdrive/c/cygwin64/bin/../lib/gcc/x86_64-pc-cygwin/6.4.0/../../../../lib/crt0.o /cygdrive/c/cygwin64/bin/../lib/gcc/x86_64-pc-cygwin/6.4.0/crtbegin.o -L/cygdrive/c/cygwin64/bin/../lib/gcc/x86_64-pc-cygwin/6.4.0 -L/cygdrive/c/cygwin64/bin/../lib/gcc -L/cygdrive/c/cygwin64/bin/../lib/gcc/x86_64-pc-cygwin/6.4.0/../../../../lib -L/lib/../lib -L/usr/lib/../lib -L/cygdrive/c/cygwin64/bin/../lib/gcc/x86_64-pc-cygwin/6.4.0/../../.. --enable-auto-import CMakeFiles/cmTC_15a91.dir/CMakeCCompilerABI.c.o --out-implib libcmTC_15a91.dll.a --major-image-version 0 --minor-image-version 0 -lgcc_s -lgcc -lcygwin -ladvapi32 -lshell32 -luser32 -lkernel32 -lgcc_s -lgcc /cygdrive/c/cygwin64/bin/../lib/gcc/x86_64-pc-cygwin/6.4.0/../../../../lib/default-manifest.o /cygdrive/c/cygwin64/bin/../lib/gcc/x86_64-pc-cygwin/6.4.0/crtend.o]
    arg [/cygdrive/c/cygwin64/bin/../lib/gcc/x86_64-pc-cygwin/6.4.0/collect2.exe] ==> ignore
    arg [-plugin] ==> ignore
    arg [/cygdrive/c/cygwin64/bin/../lib/gcc/x86_64-pc-cygwin/6.4.0/cyglto_plugin.dll] ==> ignore
    arg [-plugin-opt=/cygdrive/c/cygwin64/bin/../lib/gcc/x86_64-pc-cygwin/6.4.0/lto-wrapper.exe] ==> ignore
    arg [-plugin-opt=-fresolution=/tmp/ccpR4RGQ.res] ==> ignore
    arg [-plugin-opt=-pass-through=-lgcc_s] ==> ignore
    arg [-plugin-opt=-pass-through=-lgcc] ==> ignore
    arg [-plugin-opt=-pass-through=-lcygwin] ==> ignore
    arg [-plugin-opt=-pass-through=-ladvapi32] ==> ignore
    arg [-plugin-opt=-pass-through=-lshell32] ==> ignore
    arg [-plugin-opt=-pass-through=-luser32] ==> ignore
    arg [-plugin-opt=-pass-through=-lkernel32] ==> ignore
    arg [-plugin-opt=-pass-through=-lgcc_s] ==> ignore
    arg [-plugin-opt=-pass-through=-lgcc] ==> ignore
    arg [--build-id] ==> ignore
    arg [-m] ==> ignore
    arg [i386pep] ==> ignore
    arg [--wrap] ==> ignore
    arg [_Znwm] ==> ignore
    arg [--wrap] ==> ignore
    arg [_Znam] ==> ignore
    arg [--wrap] ==> ignore
    arg [_ZdlPv] ==> ignore
    arg [--wrap] ==> ignore
    arg [_ZdaPv] ==> ignore
    arg [--wrap] ==> ignore
    arg [_ZnwmRKSt9nothrow_t] ==> ignore
    arg [--wrap] ==> ignore
    arg [_ZnamRKSt9nothrow_t] ==> ignore
    arg [--wrap] ==> ignore
    arg [_ZdlPvRKSt9nothrow_t] ==> ignore
    arg [--wrap] ==> ignore
    arg [_ZdaPvRKSt9nothrow_t] ==> ignore
    arg [-Bdynamic] ==> ignore
    arg [--dll-search-prefix=cyg] ==> ignore
    arg [--tsaware] ==> ignore
    arg [-o] ==> ignore
    arg [cmTC_15a91.exe] ==> ignore
    arg [/cygdrive/c/cygwin64/bin/../lib/gcc/x86_64-pc-cygwin/6.4.0/../../../../lib/crt0.o] ==> ignore
    arg [/cygdrive/c/cygwin64/bin/../lib/gcc/x86_64-pc-cygwin/6.4.0/crtbegin.o] ==> ignore
    arg [-L/cygdrive/c/cygwin64/bin/../lib/gcc/x86_64-pc-cygwin/6.4.0] ==> dir [/cygdrive/c/cygwin64/bin/../lib/gcc/x86_64-pc-cygwin/6.4.0]
    arg [-L/cygdrive/c/cygwin64/bin/../lib/gcc] ==> dir [/cygdrive/c/cygwin64/bin/../lib/gcc]
    arg [-L/cygdrive/c/cygwin64/bin/../lib/gcc/x86_64-pc-cygwin/6.4.0/../../../../lib] ==> dir [/cygdrive/c/cygwin64/bin/../lib/gcc/x86_64-pc-cygwin/6.4.0/../../../../lib]
    arg [-L/lib/../lib] ==> dir [/lib/../lib]
    arg [-L/usr/lib/../lib] ==> dir [/usr/lib/../lib]
    arg [-L/cygdrive/c/cygwin64/bin/../lib/gcc/x86_64-pc-cygwin/6.4.0/../../..] ==> dir [/cygdrive/c/cygwin64/bin/../lib/gcc/x86_64-pc-cygwin/6.4.0/../../..]
    arg [--enable-auto-import] ==> ignore
    arg [CMakeFiles/cmTC_15a91.dir/CMakeCCompilerABI.c.o] ==> ignore
    arg [--out-implib] ==> ignore
    arg [libcmTC_15a91.dll.a] ==> ignore
    arg [--major-image-version] ==> ignore
    arg [0] ==> ignore
    arg [--minor-image-version] ==> ignore
    arg [0] ==> ignore
    arg [-lgcc_s] ==> lib [gcc_s]
    arg [-lgcc] ==> lib [gcc]
    arg [-lcygwin] ==> lib [cygwin]
    arg [-ladvapi32] ==> lib [advapi32]
    arg [-lshell32] ==> lib [shell32]
    arg [-luser32] ==> lib [user32]
    arg [-lkernel32] ==> lib [kernel32]
    arg [-lgcc_s] ==> lib [gcc_s]
    arg [-lgcc] ==> lib [gcc]
    arg [/cygdrive/c/cygwin64/bin/../lib/gcc/x86_64-pc-cygwin/6.4.0/../../../../lib/default-manifest.o] ==> ignore
    arg [/cygdrive/c/cygwin64/bin/../lib/gcc/x86_64-pc-cygwin/6.4.0/crtend.o] ==> ignore
  collapse library dir [/cygdrive/c/cygwin64/bin/../lib/gcc/x86_64-pc-cygwin/6.4.0] ==> [/cygdrive/c/cygwin64/lib/gcc/x86_64-pc-cygwin/6.4.0]
  collapse library dir [/cygdrive/c/cygwin64/bin/../lib/gcc] ==> [/cygdrive/c/cygwin64/lib/gcc]
  collapse library dir [/cygdrive/c/cygwin64/bin/../lib/gcc/x86_64-pc-cygwin/6.4.0/../../../../lib] ==> [/cygdrive/c/cygwin64/lib]
  collapse library dir [/lib/../lib] ==> [/lib]
  collapse library dir [/usr/lib/../lib] ==> [/usr/lib]
  collapse library dir [/cygdrive/c/cygwin64/bin/../lib/gcc/x86_64-pc-cygwin/6.4.0/../../..] ==> [/cygdrive/c/cygwin64/lib]
  implicit libs: [gcc_s;gcc;cygwin;advapi32;shell32;user32;kernel32;gcc_s;gcc]
  implicit dirs: [/cygdrive/c/cygwin64/lib/gcc/x86_64-pc-cygwin/6.4.0;/cygdrive/c/cygwin64/lib/gcc;/cygdrive/c/cygwin64/lib;/lib;/usr/lib]
  implicit fwks: []




Detecting C [-std=c11] compiler features compiled with the following output:
Change Dir: /cygdrive/c/Users/lolwuz/Documents/GitHub/C4-lolwuz/cmake-build-debug/CMakeFiles/CMakeTmp

Run Build Command:"/cygdrive/c/cygwin64/bin/make.exe" "cmTC_e0114/fast"
/cygdrive/c/cygwin64/bin/make -f CMakeFiles/cmTC_e0114.dir/build.make CMakeFiles/cmTC_e0114.dir/build
make[1]: Entering directory '/cygdrive/c/Users/lolwuz/Documents/GitHub/C4-lolwuz/cmake-build-debug/CMakeFiles/CMakeTmp'
Building C object CMakeFiles/cmTC_e0114.dir/feature_tests.c.o
/cygdrive/c/cygwin64/bin/cc   -std=c11 -o CMakeFiles/cmTC_e0114.dir/feature_tests.c.o   -c /cygdrive/c/Users/lolwuz/Documents/GitHub/C4-lolwuz/cmake-build-debug/CMakeFiles/feature_tests.c
Linking C executable cmTC_e0114.exe
/cygdrive/c/Users/lolwuz/.CLion2017.3/system/cygwin_cmake/bin/cmake.exe -E cmake_link_script CMakeFiles/cmTC_e0114.dir/link.txt --verbose=1
/cygdrive/c/cygwin64/bin/cc    -Wl,--enable-auto-import  CMakeFiles/cmTC_e0114.dir/feature_tests.c.o  -o cmTC_e0114.exe -Wl,--out-implib,libcmTC_e0114.dll.a -Wl,--major-image-version,0,--minor-image-version,0 
make[1]: Leaving directory '/cygdrive/c/Users/lolwuz/Documents/GitHub/C4-lolwuz/cmake-build-debug/CMakeFiles/CMakeTmp'


    Feature record: C_FEATURE:1c_function_prototypes
    Feature record: C_FEATURE:1c_restrict
    Feature record: C_FEATURE:1c_static_assert
    Feature record: C_FEATURE:1c_variadic_macros


Detecting C [-std=c99] compiler features compiled with the following output:
Change Dir: /cygdrive/c/Users/lolwuz/Documents/GitHub/C4-lolwuz/cmake-build-debug/CMakeFiles/CMakeTmp

Run Build Command:"/cygdrive/c/cygwin64/bin/make.exe" "cmTC_e8c5e/fast"
/cygdrive/c/cygwin64/bin/make -f CMakeFiles/cmTC_e8c5e.dir/build.make CMakeFiles/cmTC_e8c5e.dir/build
make[1]: Entering directory '/cygdrive/c/Users/lolwuz/Documents/GitHub/C4-lolwuz/cmake-build-debug/CMakeFiles/CMakeTmp'
Building C object CMakeFiles/cmTC_e8c5e.dir/feature_tests.c.o
/cygdrive/c/cygwin64/bin/cc   -std=c99 -o CMakeFiles/cmTC_e8c5e.dir/feature_tests.c.o   -c /cygdrive/c/Users/lolwuz/Documents/GitHub/C4-lolwuz/cmake-build-debug/CMakeFiles/feature_tests.c
Linking C executable cmTC_e8c5e.exe
/cygdrive/c/Users/lolwuz/.CLion2017.3/system/cygwin_cmake/bin/cmake.exe -E cmake_link_script CMakeFiles/cmTC_e8c5e.dir/link.txt --verbose=1
/cygdrive/c/cygwin64/bin/cc    -Wl,--enable-auto-import  CMakeFiles/cmTC_e8c5e.dir/feature_tests.c.o  -o cmTC_e8c5e.exe -Wl,--out-implib,libcmTC_e8c5e.dll.a -Wl,--major-image-version,0,--minor-image-version,0 
make[1]: Leaving directory '/cygdrive/c/Users/lolwuz/Documents/GitHub/C4-lolwuz/cmake-build-debug/CMakeFiles/CMakeTmp'


    Feature record: C_FEATURE:1c_function_prototypes
    Feature record: C_FEATURE:1c_restrict
    Feature record: C_FEATURE:0c_static_assert
    Feature record: C_FEATURE:1c_variadic_macros


Detecting C [-std=c90] compiler features compiled with the following output:
Change Dir: /cygdrive/c/Users/lolwuz/Documents/GitHub/C4-lolwuz/cmake-build-debug/CMakeFiles/CMakeTmp

Run Build Command:"/cygdrive/c/cygwin64/bin/make.exe" "cmTC_ce8cb/fast"
/cygdrive/c/cygwin64/bin/make -f CMakeFiles/cmTC_ce8cb.dir/build.make CMakeFiles/cmTC_ce8cb.dir/build
make[1]: Entering directory '/cygdrive/c/Users/lolwuz/Documents/GitHub/C4-lolwuz/cmake-build-debug/CMakeFiles/CMakeTmp'
Building C object CMakeFiles/cmTC_ce8cb.dir/feature_tests.c.o
/cygdrive/c/cygwin64/bin/cc   -std=c90 -o CMakeFiles/cmTC_ce8cb.dir/feature_tests.c.o   -c /cygdrive/c/Users/lolwuz/Documents/GitHub/C4-lolwuz/cmake-build-debug/CMakeFiles/feature_tests.c
Linking C executable cmTC_ce8cb.exe
/cygdrive/c/Users/lolwuz/.CLion2017.3/system/cygwin_cmake/bin/cmake.exe -E cmake_link_script CMakeFiles/cmTC_ce8cb.dir/link.txt --verbose=1
/cygdrive/c/cygwin64/bin/cc    -Wl,--enable-auto-import  CMakeFiles/cmTC_ce8cb.dir/feature_tests.c.o  -o cmTC_ce8cb.exe -Wl,--out-implib,libcmTC_ce8cb.dll.a -Wl,--major-image-version,0,--minor-image-version,0 
make[1]: Leaving directory '/cygdrive/c/Users/lolwuz/Documents/GitHub/C4-lolwuz/cmake-build-debug/CMakeFiles/CMakeTmp'


    Feature record: C_FEATURE:1c_function_prototypes
    Feature record: C_FEATURE:0c_restrict
    Feature record: C_FEATURE:0c_static_assert
    Feature record: C_FEATURE:0c_variadic_macros
Determining if the CXX compiler works passed with the following output:
Change Dir: /cygdrive/c/Users/lolwuz/Documents/GitHub/C4-lolwuz/cmake-build-debug/CMakeFiles/CMakeTmp

Run Build Command:"/cygdrive/c/cygwin64/bin/make.exe" "cmTC_9b578/fast"
/cygdrive/c/cygwin64/bin/make -f CMakeFiles/cmTC_9b578.dir/build.make CMakeFiles/cmTC_9b578.dir/build
make[1]: Entering directory '/cygdrive/c/Users/lolwuz/Documents/GitHub/C4-lolwuz/cmake-build-debug/CMakeFiles/CMakeTmp'
Building CXX object CMakeFiles/cmTC_9b578.dir/testCXXCompiler.cxx.o
/cygdrive/c/cygwin64/bin/c++.exe     -o CMakeFiles/cmTC_9b578.dir/testCXXCompiler.cxx.o -c /cygdrive/c/Users/lolwuz/Documents/GitHub/C4-lolwuz/cmake-build-debug/CMakeFiles/CMakeTmp/testCXXCompiler.cxx
Linking CXX executable cmTC_9b578.exe
/cygdrive/c/Users/lolwuz/.CLion2017.3/system/cygwin_cmake/bin/cmake.exe -E cmake_link_script CMakeFiles/cmTC_9b578.dir/link.txt --verbose=1
/cygdrive/c/cygwin64/bin/c++.exe    -Wl,--enable-auto-import  CMakeFiles/cmTC_9b578.dir/testCXXCompiler.cxx.o  -o cmTC_9b578.exe -Wl,--out-implib,libcmTC_9b578.dll.a -Wl,--major-image-version,0,--minor-image-version,0 
make[1]: Leaving directory '/cygdrive/c/Users/lolwuz/Documents/GitHub/C4-lolwuz/cmake-build-debug/CMakeFiles/CMakeTmp'


Detecting CXX compiler ABI info compiled with the following output:
Change Dir: /cygdrive/c/Users/lolwuz/Documents/GitHub/C4-lolwuz/cmake-build-debug/CMakeFiles/CMakeTmp

Run Build Command:"/cygdrive/c/cygwin64/bin/make.exe" "cmTC_f02e1/fast"
/cygdrive/c/cygwin64/bin/make -f CMakeFiles/cmTC_f02e1.dir/build.make CMakeFiles/cmTC_f02e1.dir/build
make[1]: Entering directory '/cygdrive/c/Users/lolwuz/Documents/GitHub/C4-lolwuz/cmake-build-debug/CMakeFiles/CMakeTmp'
Building CXX object CMakeFiles/cmTC_f02e1.dir/CMakeCXXCompilerABI.cpp.o
/cygdrive/c/cygwin64/bin/c++.exe     -o CMakeFiles/cmTC_f02e1.dir/CMakeCXXCompilerABI.cpp.o -c /cygdrive/c/Users/lolwuz/.CLion2017.3/system/cygwin_cmake/share/cmake-3.9.6/Modules/CMakeCXXCompilerABI.cpp
Linking CXX executable cmTC_f02e1.exe
/cygdrive/c/Users/lolwuz/.CLion2017.3/system/cygwin_cmake/bin/cmake.exe -E cmake_link_script CMakeFiles/cmTC_f02e1.dir/link.txt --verbose=1
/cygdrive/c/cygwin64/bin/c++.exe    -Wl,--enable-auto-import -v CMakeFiles/cmTC_f02e1.dir/CMakeCXXCompilerABI.cpp.o  -o cmTC_f02e1.exe -Wl,--out-implib,libcmTC_f02e1.dll.a -Wl,--major-image-version,0,--minor-image-version,0 
Using built-in specs.
COLLECT_GCC=/cygdrive/c/cygwin64/bin/c++
COLLECT_LTO_WRAPPER=/cygdrive/c/cygwin64/bin/../lib/gcc/x86_64-pc-cygwin/6.4.0/lto-wrapper.exe
Target: x86_64-pc-cygwin
Configured with: /cygdrive/i/szsz/tmpp/gcc/gcc-6.4.0-5.x86_64/src/gcc-6.4.0/configure --srcdir=/cygdrive/i/szsz/tmpp/gcc/gcc-6.4.0-5.x86_64/src/gcc-6.4.0 --prefix=/usr --exec-prefix=/usr --localstatedir=/var --sysconfdir=/etc --docdir=/usr/share/doc/gcc --htmldir=/usr/share/doc/gcc/html -C --build=x86_64-pc-cygwin --host=x86_64-pc-cygwin --target=x86_64-pc-cygwin --without-libiconv-prefix --without-libintl-prefix --libexecdir=/usr/lib --enable-shared --enable-shared-libgcc --enable-static --enable-version-specific-runtime-libs --enable-bootstrap --enable-__cxa_atexit --with-dwarf2 --with-tune=generic --enable-languages=ada,c,c++,fortran,lto,objc,obj-c++ --enable-graphite --enable-threads=posix --enable-libatomic --enable-libcilkrts --enable-libgomp --enable-libitm --enable-libquadmath --enable-libquadmath-support --disable-libssp --enable-libada --disable-symvers --with-gnu-ld --with-gnu-as --with-cloog-include=/usr/include/cloog-isl --without-libiconv-prefix --without-libintl-prefix --with-system-zlib --enable-linker-build-id --with-default-libstdcxx-abi=gcc4-compatible
Thread model: posix
gcc version 6.4.0 (GCC) 
COMPILER_PATH=/cygdrive/c/cygwin64/bin/../lib/gcc/x86_64-pc-cygwin/6.4.0/:/cygdrive/c/cygwin64/bin/../lib/gcc/
LIBRARY_PATH=/cygdrive/c/cygwin64/bin/../lib/gcc/x86_64-pc-cygwin/6.4.0/:/cygdrive/c/cygwin64/bin/../lib/gcc/:/cygdrive/c/cygwin64/bin/../lib/gcc/x86_64-pc-cygwin/6.4.0/../../../../lib/:/lib/../lib/:/usr/lib/../lib/:/cygdrive/c/cygwin64/bin/../lib/gcc/x86_64-pc-cygwin/6.4.0/../../../:/lib/:/usr/lib/
COLLECT_GCC_OPTIONS='-v' '-o' 'cmTC_f02e1.exe' '-shared-libgcc' '-mtune=generic' '-march=x86-64'
 /cygdrive/c/cygwin64/bin/../lib/gcc/x86_64-pc-cygwin/6.4.0/collect2.exe -plugin /cygdrive/c/cygwin64/bin/../lib/gcc/x86_64-pc-cygwin/6.4.0/cyglto_plugin.dll -plugin-opt=/cygdrive/c/cygwin64/bin/../lib/gcc/x86_64-pc-cygwin/6.4.0/lto-wrapper.exe -plugin-opt=-fresolution=/tmp/ccfiau23.res -plugin-opt=-pass-through=-lgcc_s -plugin-opt=-pass-through=-lgcc -plugin-opt=-pass-through=-lcygwin -plugin-opt=-pass-through=-ladvapi32 -plugin-opt=-pass-through=-lshell32 -plugin-opt=-pass-through=-luser32 -plugin-opt=-pass-through=-lkernel32 -plugin-opt=-pass-through=-lgcc_s -plugin-opt=-pass-through=-lgcc --build-id -m i386pep --wrap _Znwm --wrap _Znam --wrap _ZdlPv --wrap _ZdaPv --wrap _ZnwmRKSt9nothrow_t --wrap _ZnamRKSt9nothrow_t --wrap _ZdlPvRKSt9nothrow_t --wrap _ZdaPvRKSt9nothrow_t -Bdynamic --dll-search-prefix=cyg --tsaware -o cmTC_f02e1.exe /cygdrive/c/cygwin64/bin/../lib/gcc/x86_64-pc-cygwin/6.4.0/../../../../lib/crt0.o /cygdrive/c/cygwin64/bin/../lib/gcc/x86_64-pc-cygwin/6.4.0/crtbegin.o -L/cygdrive/c/cygwin64/bin/../lib/gcc/x86_64-pc-cygwin/6.4.0 -L/cygdrive/c/cygwin64/bin/../lib/gcc -L/cygdrive/c/cygwin64/bin/../lib/gcc/x86_64-pc-cygwin/6.4.0/../../../../lib -L/lib/../lib -L/usr/lib/../lib -L/cygdrive/c/cygwin64/bin/../lib/gcc/x86_64-pc-cygwin/6.4.0/../../.. --enable-auto-import CMakeFiles/cmTC_f02e1.dir/CMakeCXXCompilerABI.cpp.o --out-implib libcmTC_f02e1.dll.a --major-image-version 0 --minor-image-version 0 -lstdc++ -lgcc_s -lgcc -lcygwin -ladvapi32 -lshell32 -luser32 -lkernel32 -lgcc_s -lgcc /cygdrive/c/cygwin64/bin/../lib/gcc/x86_64-pc-cygwin/6.4.0/../../../../lib/default-manifest.o /cygdrive/c/cygwin64/bin/../lib/gcc/x86_64-pc-cygwin/6.4.0/crtend.o
COLLECT_GCC_OPTIONS='-v' '-o' 'cmTC_f02e1.exe' '-shared-libgcc' '-mtune=generic' '-march=x86-64'
make[1]: Leaving directory '/cygdrive/c/Users/lolwuz/Documents/GitHub/C4-lolwuz/cmake-build-debug/CMakeFiles/CMakeTmp'


Parsed CXX implicit link information from above output:
  link line regex: [^( *|.*[/\])(ld\.exe|CMAKE_LINK_STARTFILE-NOTFOUND|([^/\]+-)?ld|collect2)[^/\]*( |$)]
  ignore line: [Change Dir: /cygdrive/c/Users/lolwuz/Documents/GitHub/C4-lolwuz/cmake-build-debug/CMakeFiles/CMakeTmp]
  ignore line: []
  ignore line: [Run Build Command:"/cygdrive/c/cygwin64/bin/make.exe" "cmTC_f02e1/fast"]
  ignore line: [/cygdrive/c/cygwin64/bin/make -f CMakeFiles/cmTC_f02e1.dir/build.make CMakeFiles/cmTC_f02e1.dir/build]
  ignore line: [make[1]: Entering directory '/cygdrive/c/Users/lolwuz/Documents/GitHub/C4-lolwuz/cmake-build-debug/CMakeFiles/CMakeTmp']
  ignore line: [Building CXX object CMakeFiles/cmTC_f02e1.dir/CMakeCXXCompilerABI.cpp.o]
  ignore line: [/cygdrive/c/cygwin64/bin/c++.exe     -o CMakeFiles/cmTC_f02e1.dir/CMakeCXXCompilerABI.cpp.o -c /cygdrive/c/Users/lolwuz/.CLion2017.3/system/cygwin_cmake/share/cmake-3.9.6/Modules/CMakeCXXCompilerABI.cpp]
  ignore line: [Linking CXX executable cmTC_f02e1.exe]
  ignore line: [/cygdrive/c/Users/lolwuz/.CLion2017.3/system/cygwin_cmake/bin/cmake.exe -E cmake_link_script CMakeFiles/cmTC_f02e1.dir/link.txt --verbose=1]
  ignore line: [/cygdrive/c/cygwin64/bin/c++.exe    -Wl,--enable-auto-import -v CMakeFiles/cmTC_f02e1.dir/CMakeCXXCompilerABI.cpp.o  -o cmTC_f02e1.exe -Wl,--out-implib,libcmTC_f02e1.dll.a -Wl,--major-image-version,0,--minor-image-version,0 ]
  ignore line: [Using built-in specs.]
  ignore line: [COLLECT_GCC=/cygdrive/c/cygwin64/bin/c++]
  ignore line: [COLLECT_LTO_WRAPPER=/cygdrive/c/cygwin64/bin/../lib/gcc/x86_64-pc-cygwin/6.4.0/lto-wrapper.exe]
  ignore line: [Target: x86_64-pc-cygwin]
  ignore line: [Configured with: /cygdrive/i/szsz/tmpp/gcc/gcc-6.4.0-5.x86_64/src/gcc-6.4.0/configure --srcdir=/cygdrive/i/szsz/tmpp/gcc/gcc-6.4.0-5.x86_64/src/gcc-6.4.0 --prefix=/usr --exec-prefix=/usr --localstatedir=/var --sysconfdir=/etc --docdir=/usr/share/doc/gcc --htmldir=/usr/share/doc/gcc/html -C --build=x86_64-pc-cygwin --host=x86_64-pc-cygwin --target=x86_64-pc-cygwin --without-libiconv-prefix --without-libintl-prefix --libexecdir=/usr/lib --enable-shared --enable-shared-libgcc --enable-static --enable-version-specific-runtime-libs --enable-bootstrap --enable-__cxa_atexit --with-dwarf2 --with-tune=generic --enable-languages=ada,c,c++,fortran,lto,objc,obj-c++ --enable-graphite --enable-threads=posix --enable-libatomic --enable-libcilkrts --enable-libgomp --enable-libitm --enable-libquadmath --enable-libquadmath-support --disable-libssp --enable-libada --disable-symvers --with-gnu-ld --with-gnu-as --with-cloog-include=/usr/include/cloog-isl --without-libiconv-prefix --without-libintl-prefix --with-system-zlib --enable-linker-build-id --with-default-libstdcxx-abi=gcc4-compatible]
  ignore line: [Thread model: posix]
  ignore line: [gcc version 6.4.0 (GCC) ]
  ignore line: [COMPILER_PATH=/cygdrive/c/cygwin64/bin/../lib/gcc/x86_64-pc-cygwin/6.4.0/:/cygdrive/c/cygwin64/bin/../lib/gcc/]
  ignore line: [LIBRARY_PATH=/cygdrive/c/cygwin64/bin/../lib/gcc/x86_64-pc-cygwin/6.4.0/:/cygdrive/c/cygwin64/bin/../lib/gcc/:/cygdrive/c/cygwin64/bin/../lib/gcc/x86_64-pc-cygwin/6.4.0/../../../../lib/:/lib/../lib/:/usr/lib/../lib/:/cygdrive/c/cygwin64/bin/../lib/gcc/x86_64-pc-cygwin/6.4.0/../../../:/lib/:/usr/lib/]
  ignore line: [COLLECT_GCC_OPTIONS='-v' '-o' 'cmTC_f02e1.exe' '-shared-libgcc' '-mtune=generic' '-march=x86-64']
  link line: [ /cygdrive/c/cygwin64/bin/../lib/gcc/x86_64-pc-cygwin/6.4.0/collect2.exe -plugin /cygdrive/c/cygwin64/bin/../lib/gcc/x86_64-pc-cygwin/6.4.0/cyglto_plugin.dll -plugin-opt=/cygdrive/c/cygwin64/bin/../lib/gcc/x86_64-pc-cygwin/6.4.0/lto-wrapper.exe -plugin-opt=-fresolution=/tmp/ccfiau23.res -plugin-opt=-pass-through=-lgcc_s -plugin-opt=-pass-through=-lgcc -plugin-opt=-pass-through=-lcygwin -plugin-opt=-pass-through=-ladvapi32 -plugin-opt=-pass-through=-lshell32 -plugin-opt=-pass-through=-luser32 -plugin-opt=-pass-through=-lkernel32 -plugin-opt=-pass-through=-lgcc_s -plugin-opt=-pass-through=-lgcc --build-id -m i386pep --wrap _Znwm --wrap _Znam --wrap _ZdlPv --wrap _ZdaPv --wrap _ZnwmRKSt9nothrow_t --wrap _ZnamRKSt9nothrow_t --wrap _ZdlPvRKSt9nothrow_t --wrap _ZdaPvRKSt9nothrow_t -Bdynamic --dll-search-prefix=cyg --tsaware -o cmTC_f02e1.exe /cygdrive/c/cygwin64/bin/../lib/gcc/x86_64-pc-cygwin/6.4.0/../../../../lib/crt0.o /cygdrive/c/cygwin64/bin/../lib/gcc/x86_64-pc-cygwin/6.4.0/crtbegin.o -L/cygdrive/c/cygwin64/bin/../lib/gcc/x86_64-pc-cygwin/6.4.0 -L/cygdrive/c/cygwin64/bin/../lib/gcc -L/cygdrive/c/cygwin64/bin/../lib/gcc/x86_64-pc-cygwin/6.4.0/../../../../lib -L/lib/../lib -L/usr/lib/../lib -L/cygdrive/c/cygwin64/bin/../lib/gcc/x86_64-pc-cygwin/6.4.0/../../.. --enable-auto-import CMakeFiles/cmTC_f02e1.dir/CMakeCXXCompilerABI.cpp.o --out-implib libcmTC_f02e1.dll.a --major-image-version 0 --minor-image-version 0 -lstdc++ -lgcc_s -lgcc -lcygwin -ladvapi32 -lshell32 -luser32 -lkernel32 -lgcc_s -lgcc /cygdrive/c/cygwin64/bin/../lib/gcc/x86_64-pc-cygwin/6.4.0/../../../../lib/default-manifest.o /cygdrive/c/cygwin64/bin/../lib/gcc/x86_64-pc-cygwin/6.4.0/crtend.o]
    arg [/cygdrive/c/cygwin64/bin/../lib/gcc/x86_64-pc-cygwin/6.4.0/collect2.exe] ==> ignore
    arg [-plugin] ==> ignore
    arg [/cygdrive/c/cygwin64/bin/../lib/gcc/x86_64-pc-cygwin/6.4.0/cyglto_plugin.dll] ==> ignore
    arg [-plugin-opt=/cygdrive/c/cygwin64/bin/../lib/gcc/x86_64-pc-cygwin/6.4.0/lto-wrapper.exe] ==> ignore
    arg [-plugin-opt=-fresolution=/tmp/ccfiau23.res] ==> ignore
    arg [-plugin-opt=-pass-through=-lgcc_s] ==> ignore
    arg [-plugin-opt=-pass-through=-lgcc] ==> ignore
    arg [-plugin-opt=-pass-through=-lcygwin] ==> ignore
    arg [-plugin-opt=-pass-through=-ladvapi32] ==> ignore
    arg [-plugin-opt=-pass-through=-lshell32] ==> ignore
    arg [-plugin-opt=-pass-through=-luser32] ==> ignore
    arg [-plugin-opt=-pass-through=-lkernel32] ==> ignore
    arg [-plugin-opt=-pass-through=-lgcc_s] ==> ignore
    arg [-plugin-opt=-pass-through=-lgcc] ==> ignore
    arg [--build-id] ==> ignore
    arg [-m] ==> ignore
    arg [i386pep] ==> ignore
    arg [--wrap] ==> ignore
    arg [_Znwm] ==> ignore
    arg [--wrap] ==> ignore
    arg [_Znam] ==> ignore
    arg [--wrap] ==> ignore
    arg [_ZdlPv] ==> ignore
    arg [--wrap] ==> ignore
    arg [_ZdaPv] ==> ignore
    arg [--wrap] ==> ignore
    arg [_ZnwmRKSt9nothrow_t] ==> ignore
    arg [--wrap] ==> ignore
    arg [_ZnamRKSt9nothrow_t] ==> ignore
    arg [--wrap] ==> ignore
    arg [_ZdlPvRKSt9nothrow_t] ==> ignore
    arg [--wrap] ==> ignore
    arg [_ZdaPvRKSt9nothrow_t] ==> ignore
    arg [-Bdynamic] ==> ignore
    arg [--dll-search-prefix=cyg] ==> ignore
    arg [--tsaware] ==> ignore
    arg [-o] ==> ignore
    arg [cmTC_f02e1.exe] ==> ignore
    arg [/cygdrive/c/cygwin64/bin/../lib/gcc/x86_64-pc-cygwin/6.4.0/../../../../lib/crt0.o] ==> ignore
    arg [/cygdrive/c/cygwin64/bin/../lib/gcc/x86_64-pc-cygwin/6.4.0/crtbegin.o] ==> ignore
    arg [-L/cygdrive/c/cygwin64/bin/../lib/gcc/x86_64-pc-cygwin/6.4.0] ==> dir [/cygdrive/c/cygwin64/bin/../lib/gcc/x86_64-pc-cygwin/6.4.0]
    arg [-L/cygdrive/c/cygwin64/bin/../lib/gcc] ==> dir [/cygdrive/c/cygwin64/bin/../lib/gcc]
    arg [-L/cygdrive/c/cygwin64/bin/../lib/gcc/x86_64-pc-cygwin/6.4.0/../../../../lib] ==> dir [/cygdrive/c/cygwin64/bin/../lib/gcc/x86_64-pc-cygwin/6.4.0/../../../../lib]
    arg [-L/lib/../lib] ==> dir [/lib/../lib]
    arg [-L/usr/lib/../lib] ==> dir [/usr/lib/../lib]
    arg [-L/cygdrive/c/cygwin64/bin/../lib/gcc/x86_64-pc-cygwin/6.4.0/../../..] ==> dir [/cygdrive/c/cygwin64/bin/../lib/gcc/x86_64-pc-cygwin/6.4.0/../../..]
    arg [--enable-auto-import] ==> ignore
    arg [CMakeFiles/cmTC_f02e1.dir/CMakeCXXCompilerABI.cpp.o] ==> ignore
    arg [--out-implib] ==> ignore
    arg [libcmTC_f02e1.dll.a] ==> ignore
    arg [--major-image-version] ==> ignore
    arg [0] ==> ignore
    arg [--minor-image-version] ==> ignore
    arg [0] ==> ignore
    arg [-lstdc++] ==> lib [stdc++]
    arg [-lgcc_s] ==> lib [gcc_s]
    arg [-lgcc] ==> lib [gcc]
    arg [-lcygwin] ==> lib [cygwin]
    arg [-ladvapi32] ==> lib [advapi32]
    arg [-lshell32] ==> lib [shell32]
    arg [-luser32] ==> lib [user32]
    arg [-lkernel32] ==> lib [kernel32]
    arg [-lgcc_s] ==> lib [gcc_s]
    arg [-lgcc] ==> lib [gcc]
    arg [/cygdrive/c/cygwin64/bin/../lib/gcc/x86_64-pc-cygwin/6.4.0/../../../../lib/default-manifest.o] ==> ignore
    arg [/cygdrive/c/cygwin64/bin/../lib/gcc/x86_64-pc-cygwin/6.4.0/crtend.o] ==> ignore
  collapse library dir [/cygdrive/c/cygwin64/bin/../lib/gcc/x86_64-pc-cygwin/6.4.0] ==> [/cygdrive/c/cygwin64/lib/gcc/x86_64-pc-cygwin/6.4.0]
  collapse library dir [/cygdrive/c/cygwin64/bin/../lib/gcc] ==> [/cygdrive/c/cygwin64/lib/gcc]
  collapse library dir [/cygdrive/c/cygwin64/bin/../lib/gcc/x86_64-pc-cygwin/6.4.0/../../../../lib] ==> [/cygdrive/c/cygwin64/lib]
  collapse library dir [/lib/../lib] ==> [/lib]
  collapse library dir [/usr/lib/../lib] ==> [/usr/lib]
  collapse library dir [/cygdrive/c/cygwin64/bin/../lib/gcc/x86_64-pc-cygwin/6.4.0/../../..] ==> [/cygdrive/c/cygwin64/lib]
  implicit libs: [stdc++;gcc_s;gcc;cygwin;advapi32;shell32;user32;kernel32;gcc_s;gcc]
  implicit dirs: [/cygdrive/c/cygwin64/lib/gcc/x86_64-pc-cygwin/6.4.0;/cygdrive/c/cygwin64/lib/gcc;/cygdrive/c/cygwin64/lib;/lib;/usr/lib]
  implicit fwks: []




Detecting CXX [-std=c++1z] compiler features compiled with the following output:
Change Dir: /cygdrive/c/Users/lolwuz/Documents/GitHub/C4-lolwuz/cmake-build-debug/CMakeFiles/CMakeTmp

Run Build Command:"/cygdrive/c/cygwin64/bin/make.exe" "cmTC_97153/fast"
/cygdrive/c/cygwin64/bin/make -f CMakeFiles/cmTC_97153.dir/build.make CMakeFiles/cmTC_97153.dir/build
make[1]: Entering directory '/cygdrive/c/Users/lolwuz/Documents/GitHub/C4-lolwuz/cmake-build-debug/CMakeFiles/CMakeTmp'
Building CXX object CMakeFiles/cmTC_97153.dir/feature_tests.cxx.o
/cygdrive/c/cygwin64/bin/c++.exe    -std=c++1z -o CMakeFiles/cmTC_97153.dir/feature_tests.cxx.o -c /cygdrive/c/Users/lolwuz/Documents/GitHub/C4-lolwuz/cmake-build-debug/CMakeFiles/feature_tests.cxx
Linking CXX executable cmTC_97153.exe
/cygdrive/c/Users/lolwuz/.CLion2017.3/system/cygwin_cmake/bin/cmake.exe -E cmake_link_script CMakeFiles/cmTC_97153.dir/link.txt --verbose=1
/cygdrive/c/cygwin64/bin/c++.exe    -Wl,--enable-auto-import  CMakeFiles/cmTC_97153.dir/feature_tests.cxx.o  -o cmTC_97153.exe -Wl,--out-implib,libcmTC_97153.dll.a -Wl,--major-image-version,0,--minor-image-version,0 
make[1]: Leaving directory '/cygdrive/c/Users/lolwuz/Documents/GitHub/C4-lolwuz/cmake-build-debug/CMakeFiles/CMakeTmp'


    Feature record: CXX_FEATURE:1cxx_aggregate_default_initializers
    Feature record: CXX_FEATURE:1cxx_alias_templates
    Feature record: CXX_FEATURE:1cxx_alignas
    Feature record: CXX_FEATURE:1cxx_alignof
    Feature record: CXX_FEATURE:1cxx_attributes
    Feature record: CXX_FEATURE:1cxx_attribute_deprecated
    Feature record: CXX_FEATURE:1cxx_auto_type
    Feature record: CXX_FEATURE:1cxx_binary_literals
    Feature record: CXX_FEATURE:1cxx_constexpr
    Feature record: CXX_FEATURE:1cxx_contextual_conversions
    Feature record: CXX_FEATURE:1cxx_decltype
    Feature record: CXX_FEATURE:1cxx_decltype_auto
    Feature record: CXX_FEATURE:1cxx_decltype_incomplete_return_types
    Feature record: CXX_FEATURE:1cxx_default_function_template_args
    Feature record: CXX_FEATURE:1cxx_defaulted_functions
    Feature record: CXX_FEATURE:1cxx_defaulted_move_initializers
    Feature record: CXX_FEATURE:1cxx_delegating_constructors
    Feature record: CXX_FEATURE:1cxx_deleted_functions
    Feature record: CXX_FEATURE:1cxx_digit_separators
    Feature record: CXX_FEATURE:1cxx_enum_forward_declarations
    Feature record: CXX_FEATURE:1cxx_explicit_conversions
    Feature record: CXX_FEATURE:1cxx_extended_friend_declarations
    Feature record: CXX_FEATURE:1cxx_extern_templates
    Feature record: CXX_FEATURE:1cxx_final
    Feature record: CXX_FEATURE:1cxx_func_identifier
    Feature record: CXX_FEATURE:1cxx_generalized_initializers
    Feature record: CXX_FEATURE:1cxx_generic_lambdas
    Feature record: CXX_FEATURE:1cxx_inheriting_constructors
    Feature record: CXX_FEATURE:1cxx_inline_namespaces
    Feature record: CXX_FEATURE:1cxx_lambdas
    Feature record: CXX_FEATURE:1cxx_lambda_init_captures
    Feature record: CXX_FEATURE:1cxx_local_type_template_args
    Feature record: CXX_FEATURE:1cxx_long_long_type
    Feature record: CXX_FEATURE:1cxx_noexcept
    Feature record: CXX_FEATURE:1cxx_nonstatic_member_init
    Feature record: CXX_FEATURE:1cxx_nullptr
    Feature record: CXX_FEATURE:1cxx_override
    Feature record: CXX_FEATURE:1cxx_range_for
    Feature record: CXX_FEATURE:1cxx_raw_string_literals
    Feature record: CXX_FEATURE:1cxx_reference_qualified_functions
    Feature record: CXX_FEATURE:1cxx_relaxed_constexpr
    Feature record: CXX_FEATURE:1cxx_return_type_deduction
    Feature record: CXX_FEATURE:1cxx_right_angle_brackets
    Feature record: CXX_FEATURE:1cxx_rvalue_references
    Feature record: CXX_FEATURE:1cxx_sizeof_member
    Feature record: CXX_FEATURE:1cxx_static_assert
    Feature record: CXX_FEATURE:1cxx_strong_enums
    Feature record: CXX_FEATURE:1cxx_template_template_parameters
    Feature record: CXX_FEATURE:1cxx_thread_local
    Feature record: CXX_FEATURE:1cxx_trailing_return_types
    Feature record: CXX_FEATURE:1cxx_unicode_literals
    Feature record: CXX_FEATURE:1cxx_uniform_initialization
    Feature record: CXX_FEATURE:1cxx_unrestricted_unions
    Feature record: CXX_FEATURE:1cxx_user_literals
    Feature record: CXX_FEATURE:1cxx_variable_templates
    Feature record: CXX_FEATURE:1cxx_variadic_macros
    Feature record: CXX_FEATURE:1cxx_variadic_templates


Detecting CXX [-std=c++14] compiler features compiled with the following output:
Change Dir: /cygdrive/c/Users/lolwuz/Documents/GitHub/C4-lolwuz/cmake-build-debug/CMakeFiles/CMakeTmp

Run Build Command:"/cygdrive/c/cygwin64/bin/make.exe" "cmTC_0b159/fast"
/cygdrive/c/cygwin64/bin/make -f CMakeFiles/cmTC_0b159.dir/build.make CMakeFiles/cmTC_0b159.dir/build
make[1]: Entering directory '/cygdrive/c/Users/lolwuz/Documents/GitHub/C4-lolwuz/cmake-build-debug/CMakeFiles/CMakeTmp'
Building CXX object CMakeFiles/cmTC_0b159.dir/feature_tests.cxx.o
/cygdrive/c/cygwin64/bin/c++.exe    -std=c++14 -o CMakeFiles/cmTC_0b159.dir/feature_tests.cxx.o -c /cygdrive/c/Users/lolwuz/Documents/GitHub/C4-lolwuz/cmake-build-debug/CMakeFiles/feature_tests.cxx
Linking CXX executable cmTC_0b159.exe
/cygdrive/c/Users/lolwuz/.CLion2017.3/system/cygwin_cmake/bin/cmake.exe -E cmake_link_script CMakeFiles/cmTC_0b159.dir/link.txt --verbose=1
/cygdrive/c/cygwin64/bin/c++.exe    -Wl,--enable-auto-import  CMakeFiles/cmTC_0b159.dir/feature_tests.cxx.o  -o cmTC_0b159.exe -Wl,--out-implib,libcmTC_0b159.dll.a -Wl,--major-image-version,0,--minor-image-version,0 
make[1]: Leaving directory '/cygdrive/c/Users/lolwuz/Documents/GitHub/C4-lolwuz/cmake-build-debug/CMakeFiles/CMakeTmp'


    Feature record: CXX_FEATURE:1cxx_aggregate_default_initializers
    Feature record: CXX_FEATURE:1cxx_alias_templates
    Feature record: CXX_FEATURE:1cxx_alignas
    Feature record: CXX_FEATURE:1cxx_alignof
    Feature record: CXX_FEATURE:1cxx_attributes
    Feature record: CXX_FEATURE:1cxx_attribute_deprecated
    Feature record: CXX_FEATURE:1cxx_auto_type
    Feature record: CXX_FEATURE:1cxx_binary_literals
    Feature record: CXX_FEATURE:1cxx_constexpr
    Feature record: CXX_FEATURE:1cxx_contextual_conversions
    Feature record: CXX_FEATURE:1cxx_decltype
    Feature record: CXX_FEATURE:1cxx_decltype_auto
    Feature record: CXX_FEATURE:1cxx_decltype_incomplete_return_types
    Feature record: CXX_FEATURE:1cxx_default_function_template_args
    Feature record: CXX_FEATURE:1cxx_defaulted_functions
    Feature record: CXX_FEATURE:1cxx_defaulted_move_initializers
    Feature record: CXX_FEATURE:1cxx_delegating_constructors
    Feature record: CXX_FEATURE:1cxx_deleted_functions
    Feature record: CXX_FEATURE:1cxx_digit_separators
    Feature record: CXX_FEATURE:1cxx_enum_forward_declarations
    Feature record: CXX_FEATURE:1cxx_explicit_conversions
    Feature record: CXX_FEATURE:1cxx_extended_friend_declarations
    Feature record: CXX_FEATURE:1cxx_extern_templates
    Feature record: CXX_FEATURE:1cxx_final
    Feature record: CXX_FEATURE:1cxx_func_identifier
    Feature record: CXX_FEATURE:1cxx_generalized_initializers
    Feature record: CXX_FEATURE:1cxx_generic_lambdas
    Feature record: CXX_FEATURE:1cxx_inheriting_constructors
    Feature record: CXX_FEATURE:1cxx_inline_namespaces
    Feature record: CXX_FEATURE:1cxx_lambdas
    Feature record: CXX_FEATURE:1cxx_lambda_init_captures
    Feature record: CXX_FEATURE:1cxx_local_type_template_args
    Feature record: CXX_FEATURE:1cxx_long_long_type
    Feature record: CXX_FEATURE:1cxx_noexcept
    Feature record: CXX_FEATURE:1cxx_nonstatic_member_init
    Feature record: CXX_FEATURE:1cxx_nullptr
    Feature record: CXX_FEATURE:1cxx_override
    Feature record: CXX_FEATURE:1cxx_range_for
    Feature record: CXX_FEATURE:1cxx_raw_string_literals
    Feature record: CXX_FEATURE:1cxx_reference_qualified_functions
    Feature record: CXX_FEATURE:1cxx_relaxed_constexpr
    Feature record: CXX_FEATURE:1cxx_return_type_deduction
    Feature record: CXX_FEATURE:1cxx_right_angle_brackets
    Feature record: CXX_FEATURE:1cxx_rvalue_references
    Feature record: CXX_FEATURE:1cxx_sizeof_member
    Feature record: CXX_FEATURE:1cxx_static_assert
    Feature record: CXX_FEATURE:1cxx_strong_enums
    Feature record: CXX_FEATURE:1cxx_template_template_parameters
    Feature record: CXX_FEATURE:1cxx_thread_local
    Feature record: CXX_FEATURE:1cxx_trailing_return_types
    Feature record: CXX_FEATURE:1cxx_unicode_literals
    Feature record: CXX_FEATURE:1cxx_uniform_initialization
    Feature record: CXX_FEATURE:1cxx_unrestricted_unions
    Feature record: CXX_FEATURE:1cxx_user_literals
    Feature record: CXX_FEATURE:1cxx_variable_templates
    Feature record: CXX_FEATURE:1cxx_variadic_macros
    Feature record: CXX_FEATURE:1cxx_variadic_templates
The system is: CYGWIN - 2.10.0(0.325/5/3) - x86_64
Compiling the C compiler identification source file "CMakeCCompilerId.c" succeeded.
Compiler: /cygdrive/c/cygwin64/bin/cc 
Build flags: 
Id flags:  

The output was:
0


Compilation of the C compiler identification source "CMakeCCompilerId.c" produced "a.exe"

The C compiler identification is GNU, found in "/cygdrive/c/Users/lolwuz/Documents/GitHub/C4-lolwuz/cmake-build-debug/CMakeFiles/3.9.6/CompilerIdC/a.exe"

Compiling the CXX compiler identification source file "CMakeCXXCompilerId.cpp" succeeded.
Compiler: /cygdrive/c/cygwin64/bin/c++.exe 
Build flags: 
Id flags:  

The output was:
0


Compilation of the CXX compiler identification source "CMakeCXXCompilerId.cpp" produced "a.exe"

The CXX compiler identification is GNU, found in "/cygdrive/c/Users/lolwuz/Documents/GitHub/C4-lolwuz/cmake-build-debug/CMakeFiles/3.9.6/CompilerIdCXX/a.exe"

Determining if the C compiler works passed with the following output:
Change Dir: /cygdrive/c/Users/lolwuz/Documents/GitHub/C4-lolwuz/cmake-build-debug/CMakeFiles/CMakeTmp

Run Build Command:"/cygdrive/c/cygwin64/bin/make.exe" "cmTC_a14e3/fast"
/cygdrive/c/cygwin64/bin/make -f CMakeFiles/cmTC_a14e3.dir/build.make CMakeFiles/cmTC_a14e3.dir/build
make[1]: Entering directory '/cygdrive/c/Users/lolwuz/Documents/GitHub/C4-lolwuz/cmake-build-debug/CMakeFiles/CMakeTmp'
Building C object CMakeFiles/cmTC_a14e3.dir/testCCompiler.c.o
/cygdrive/c/cygwin64/bin/cc    -o CMakeFiles/cmTC_a14e3.dir/testCCompiler.c.o   -c /cygdrive/c/Users/lolwuz/Documents/GitHub/C4-lolwuz/cmake-build-debug/CMakeFiles/CMakeTmp/testCCompiler.c
Linking C executable cmTC_a14e3.exe
/cygdrive/c/Users/lolwuz/.CLion2017.3/system/cygwin_cmake/bin/cmake.exe -E cmake_link_script CMakeFiles/cmTC_a14e3.dir/link.txt --verbose=1
/cygdrive/c/cygwin64/bin/cc    -Wl,--enable-auto-import  CMakeFiles/cmTC_a14e3.dir/testCCompiler.c.o  -o cmTC_a14e3.exe -Wl,--out-implib,libcmTC_a14e3.dll.a -Wl,--major-image-version,0,--minor-image-version,0 
make[1]: Leaving directory '/cygdrive/c/Users/lolwuz/Documents/GitHub/C4-lolwuz/cmake-build-debug/CMakeFiles/CMakeTmp'


Detecting C compiler ABI info compiled with the following output:
Change Dir: /cygdrive/c/Users/lolwuz/Documents/GitHub/C4-lolwuz/cmake-build-debug/CMakeFiles/CMakeTmp

Run Build Command:"/cygdrive/c/cygwin64/bin/make.exe" "cmTC_047a7/fast"
/cygdrive/c/cygwin64/bin/make -f CMakeFiles/cmTC_047a7.dir/build.make CMakeFiles/cmTC_047a7.dir/build
make[1]: Entering directory '/cygdrive/c/Users/lolwuz/Documents/GitHub/C4-lolwuz/cmake-build-debug/CMakeFiles/CMakeTmp'
Building C object CMakeFiles/cmTC_047a7.dir/CMakeCCompilerABI.c.o
/cygdrive/c/cygwin64/bin/cc    -o CMakeFiles/cmTC_047a7.dir/CMakeCCompilerABI.c.o   -c /cygdrive/c/Users/lolwuz/.CLion2017.3/system/cygwin_cmake/share/cmake-3.9.6/Modules/CMakeCCompilerABI.c
Linking C executable cmTC_047a7.exe
/cygdrive/c/Users/lolwuz/.CLion2017.3/system/cygwin_cmake/bin/cmake.exe -E cmake_link_script CMakeFiles/cmTC_047a7.dir/link.txt --verbose=1
/cygdrive/c/cygwin64/bin/cc    -Wl,--enable-auto-import -v CMakeFiles/cmTC_047a7.dir/CMakeCCompilerABI.c.o  -o cmTC_047a7.exe -Wl,--out-implib,libcmTC_047a7.dll.a -Wl,--major-image-version,0,--minor-image-version,0 
Using built-in specs.
COLLECT_GCC=/cygdrive/c/cygwin64/bin/cc
COLLECT_LTO_WRAPPER=/cygdrive/c/cygwin64/bin/../lib/gcc/x86_64-pc-cygwin/6.4.0/lto-wrapper.exe
Target: x86_64-pc-cygwin
Configured with: /cygdrive/i/szsz/tmpp/gcc/gcc-6.4.0-5.x86_64/src/gcc-6.4.0/configure --srcdir=/cygdrive/i/szsz/tmpp/gcc/gcc-6.4.0-5.x86_64/src/gcc-6.4.0 --prefix=/usr --exec-prefix=/usr --localstatedir=/var --sysconfdir=/etc --docdir=/usr/share/doc/gcc --htmldir=/usr/share/doc/gcc/html -C --build=x86_64-pc-cygwin --host=x86_64-pc-cygwin --target=x86_64-pc-cygwin --without-libiconv-prefix --without-libintl-prefix --libexecdir=/usr/lib --enable-shared --enable-shared-libgcc --enable-static --enable-version-specific-runtime-libs --enable-bootstrap --enable-__cxa_atexit --with-dwarf2 --with-tune=generic --enable-languages=ada,c,c++,fortran,lto,objc,obj-c++ --enable-graphite --enable-threads=posix --enable-libatomic --enable-libcilkrts --enable-libgomp --enable-libitm --enable-libquadmath --enable-libquadmath-support --disable-libssp --enable-libada --disable-symvers --with-gnu-ld --with-gnu-as --with-cloog-include=/usr/include/cloog-isl --without-libiconv-prefix --without-libintl-prefix --with-system-zlib --enable-linker-build-id --with-default-libstdcxx-abi=gcc4-compatible
Thread model: posix
gcc version 6.4.0 (GCC) 
COMPILER_PATH=/cygdrive/c/cygwin64/bin/../lib/gcc/x86_64-pc-cygwin/6.4.0/:/cygdrive/c/cygwin64/bin/../lib/gcc/
LIBRARY_PATH=/cygdrive/c/cygwin64/bin/../lib/gcc/x86_64-pc-cygwin/6.4.0/:/cygdrive/c/cygwin64/bin/../lib/gcc/:/cygdrive/c/cygwin64/bin/../lib/gcc/x86_64-pc-cygwin/6.4.0/../../../../lib/:/lib/../lib/:/usr/lib/../lib/:/cygdrive/c/cygwin64/bin/../lib/gcc/x86_64-pc-cygwin/6.4.0/../../../:/lib/:/usr/lib/
COLLECT_GCC_OPTIONS='-v' '-o' 'cmTC_047a7.exe' '-mtune=generic' '-march=x86-64'
 /cygdrive/c/cygwin64/bin/../lib/gcc/x86_64-pc-cygwin/6.4.0/collect2.exe -plugin /cygdrive/c/cygwin64/bin/../lib/gcc/x86_64-pc-cygwin/6.4.0/cyglto_plugin.dll -plugin-opt=/cygdrive/c/cygwin64/bin/../lib/gcc/x86_64-pc-cygwin/6.4.0/lto-wrapper.exe -plugin-opt=-fresolution=/tmp/ccIMu75Z.res -plugin-opt=-pass-through=-lgcc_s -plugin-opt=-pass-through=-lgcc -plugin-opt=-pass-through=-lcygwin -plugin-opt=-pass-through=-ladvapi32 -plugin-opt=-pass-through=-lshell32 -plugin-opt=-pass-through=-luser32 -plugin-opt=-pass-through=-lkernel32 -plugin-opt=-pass-through=-lgcc_s -plugin-opt=-pass-through=-lgcc --build-id -m i386pep --wrap _Znwm --wrap _Znam --wrap _ZdlPv --wrap _ZdaPv --wrap _ZnwmRKSt9nothrow_t --wrap _ZnamRKSt9nothrow_t --wrap _ZdlPvRKSt9nothrow_t --wrap _ZdaPvRKSt9nothrow_t -Bdynamic --dll-search-prefix=cyg --tsaware -o cmTC_047a7.exe /cygdrive/c/cygwin64/bin/../lib/gcc/x86_64-pc-cygwin/6.4.0/../../../../lib/crt0.o /cygdrive/c/cygwin64/bin/../lib/gcc/x86_64-pc-cygwin/6.4.0/crtbegin.o -L/cygdrive/c/cygwin64/bin/../lib/gcc/x86_64-pc-cygwin/6.4.0 -L/cygdrive/c/cygwin64/bin/../lib/gcc -L/cygdrive/c/cygwin64/bin/../lib/gcc/x86_64-pc-cygwin/6.4.0/../../../../lib -L/lib/../lib -L/usr/lib/../lib -L/cygdrive/c/cygwin64/bin/../lib/gcc/x86_64-pc-cygwin/6.4.0/../../.. --enable-auto-import CMakeFiles/cmTC_047a7.dir/CMakeCCompilerABI.c.o --out-implib libcmTC_047a7.dll.a --major-image-version 0 --minor-image-version 0 -lgcc_s -lgcc -lcygwin -ladvapi32 -lshell32 -luser32 -lkernel32 -lgcc_s -lgcc /cygdrive/c/cygwin64/bin/../lib/gcc/x86_64-pc-cygwin/6.4.0/../../../../lib/default-manifest.o /cygdrive/c/cygwin64/bin/../lib/gcc/x86_64-pc-cygwin/6.4.0/crtend.o
COLLECT_GCC_OPTIONS='-v' '-o' 'cmTC_047a7.exe' '-mtune=generic' '-march=x86-64'
make[1]: Leaving directory '/cygdrive/c/Users/lolwuz/Documents/GitHub/C4-lolwuz/cmake-build-debug/CMakeFiles/CMakeTmp'


Parsed C implicit link information from above output:
  link line regex: [^( *|.*[/\])(ld\.exe|CMAKE_LINK_STARTFILE-NOTFOUND|([^/\]+-)?ld|collect2)[^/\]*( |$)]
  ignore line: [Change Dir: /cygdrive/c/Users/lolwuz/Documents/GitHub/C4-lolwuz/cmake-build-debug/CMakeFiles/CMakeTmp]
  ignore line: []
  ignore line: [Run Build Command:"/cygdrive/c/cygwin64/bin/make.exe" "cmTC_047a7/fast"]
  ignore line: [/cygdrive/c/cygwin64/bin/make -f CMakeFiles/cmTC_047a7.dir/build.make CMakeFiles/cmTC_047a7.dir/build]
  ignore line: [make[1]: Entering directory '/cygdrive/c/Users/lolwuz/Documents/GitHub/C4-lolwuz/cmake-build-debug/CMakeFiles/CMakeTmp']
  ignore line: [Building C object CMakeFiles/cmTC_047a7.dir/CMakeCCompilerABI.c.o]
  ignore line: [/cygdrive/c/cygwin64/bin/cc    -o CMakeFiles/cmTC_047a7.dir/CMakeCCompilerABI.c.o   -c /cygdrive/c/Users/lolwuz/.CLion2017.3/system/cygwin_cmake/share/cmake-3.9.6/Modules/CMakeCCompilerABI.c]
  ignore line: [Linking C executable cmTC_047a7.exe]
  ignore line: [/cygdrive/c/Users/lolwuz/.CLion2017.3/system/cygwin_cmake/bin/cmake.exe -E cmake_link_script CMakeFiles/cmTC_047a7.dir/link.txt --verbose=1]
  ignore line: [/cygdrive/c/cygwin64/bin/cc    -Wl,--enable-auto-import -v CMakeFiles/cmTC_047a7.dir/CMakeCCompilerABI.c.o  -o cmTC_047a7.exe -Wl,--out-implib,libcmTC_047a7.dll.a -Wl,--major-image-version,0,--minor-image-version,0 ]
  ignore line: [Using built-in specs.]
  ignore line: [COLLECT_GCC=/cygdrive/c/cygwin64/bin/cc]
  ignore line: [COLLECT_LTO_WRAPPER=/cygdrive/c/cygwin64/bin/../lib/gcc/x86_64-pc-cygwin/6.4.0/lto-wrapper.exe]
  ignore line: [Target: x86_64-pc-cygwin]
  ignore line: [Configured with: /cygdrive/i/szsz/tmpp/gcc/gcc-6.4.0-5.x86_64/src/gcc-6.4.0/configure --srcdir=/cygdrive/i/szsz/tmpp/gcc/gcc-6.4.0-5.x86_64/src/gcc-6.4.0 --prefix=/usr --exec-prefix=/usr --localstatedir=/var --sysconfdir=/etc --docdir=/usr/share/doc/gcc --htmldir=/usr/share/doc/gcc/html -C --build=x86_64-pc-cygwin --host=x86_64-pc-cygwin --target=x86_64-pc-cygwin --without-libiconv-prefix --without-libintl-prefix --libexecdir=/usr/lib --enable-shared --enable-shared-libgcc --enable-static --enable-version-specific-runtime-libs --enable-bootstrap --enable-__cxa_atexit --with-dwarf2 --with-tune=generic --enable-languages=ada,c,c++,fortran,lto,objc,obj-c++ --enable-graphite --enable-threads=posix --enable-libatomic --enable-libcilkrts --enable-libgomp --enable-libitm --enable-libquadmath --enable-libquadmath-support --disable-libssp --enable-libada --disable-symvers --with-gnu-ld --with-gnu-as --with-cloog-include=/usr/include/cloog-isl --without-libiconv-prefix --without-libintl-prefix --with-system-zlib --enable-linker-build-id --with-default-libstdcxx-abi=gcc4-compatible]
  ignore line: [Thread model: posix]
  ignore line: [gcc version 6.4.0 (GCC) ]
  ignore line: [COMPILER_PATH=/cygdrive/c/cygwin64/bin/../lib/gcc/x86_64-pc-cygwin/6.4.0/:/cygdrive/c/cygwin64/bin/../lib/gcc/]
  ignore line: [LIBRARY_PATH=/cygdrive/c/cygwin64/bin/../lib/gcc/x86_64-pc-cygwin/6.4.0/:/cygdrive/c/cygwin64/bin/../lib/gcc/:/cygdrive/c/cygwin64/bin/../lib/gcc/x86_64-pc-cygwin/6.4.0/../../../../lib/:/lib/../lib/:/usr/lib/../lib/:/cygdrive/c/cygwin64/bin/../lib/gcc/x86_64-pc-cygwin/6.4.0/../../../:/lib/:/usr/lib/]
  ignore line: [COLLECT_GCC_OPTIONS='-v' '-o' 'cmTC_047a7.exe' '-mtune=generic' '-march=x86-64']
  link line: [ /cygdrive/c/cygwin64/bin/../lib/gcc/x86_64-pc-cygwin/6.4.0/collect2.exe -plugin /cygdrive/c/cygwin64/bin/../lib/gcc/x86_64-pc-cygwin/6.4.0/cyglto_plugin.dll -plugin-opt=/cygdrive/c/cygwin64/bin/../lib/gcc/x86_64-pc-cygwin/6.4.0/lto-wrapper.exe -plugin-opt=-fresolution=/tmp/ccIMu75Z.res -plugin-opt=-pass-through=-lgcc_s -plugin-opt=-pass-through=-lgcc -plugin-opt=-pass-through=-lcygwin -plugin-opt=-pass-through=-ladvapi32 -plugin-opt=-pass-through=-lshell32 -plugin-opt=-pass-through=-luser32 -plugin-opt=-pass-through=-lkernel32 -plugin-opt=-pass-through=-lgcc_s -plugin-opt=-pass-through=-lgcc --build-id -m i386pep --wrap _Znwm --wrap _Znam --wrap _ZdlPv --wrap _ZdaPv --wrap _ZnwmRKSt9nothrow_t --wrap _ZnamRKSt9nothrow_t --wrap _ZdlPvRKSt9nothrow_t --wrap _ZdaPvRKSt9nothrow_t -Bdynamic --dll-search-prefix=cyg --tsaware -o cmTC_047a7.exe /cygdrive/c/cygwin64/bin/../lib/gcc/x86_64-pc-cygwin/6.4.0/../../../../lib/crt0.o /cygdrive/c/cygwin64/bin/../lib/gcc/x86_64-pc-cygwin/6.4.0/crtbegin.o -L/cygdrive/c/cygwin64/bin/../lib/gcc/x86_64-pc-cygwin/6.4.0 -L/cygdrive/c/cygwin64/bin/../lib/gcc -L/cygdrive/c/cygwin64/bin/../lib/gcc/x86_64-pc-cygwin/6.4.0/../../../../lib -L/lib/../lib -L/usr/lib/../lib -L/cygdrive/c/cygwin64/bin/../lib/gcc/x86_64-pc-cygwin/6.4.0/../../.. --enable-auto-import CMakeFiles/cmTC_047a7.dir/CMakeCCompilerABI.c.o --out-implib libcmTC_047a7.dll.a --major-image-version 0 --minor-image-version 0 -lgcc_s -lgcc -lcygwin -ladvapi32 -lshell32 -luser32 -lkernel32 -lgcc_s -lgcc /cygdrive/c/cygwin64/bin/../lib/gcc/x86_64-pc-cygwin/6.4.0/../../../../lib/default-manifest.o /cygdrive/c/cygwin64/bin/../lib/gcc/x86_64-pc-cygwin/6.4.0/crtend.o]
    arg [/cygdrive/c/cygwin64/bin/../lib/gcc/x86_64-pc-cygwin/6.4.0/collect2.exe] ==> ignore
    arg [-plugin] ==> ignore
    arg [/cygdrive/c/cygwin64/bin/../lib/gcc/x86_64-pc-cygwin/6.4.0/cyglto_plugin.dll] ==> ignore
    arg [-plugin-opt=/cygdrive/c/cygwin64/bin/../lib/gcc/x86_64-pc-cygwin/6.4.0/lto-wrapper.exe] ==> ignore
    arg [-plugin-opt=-fresolution=/tmp/ccIMu75Z.res] ==> ignore
    arg [-plugin-opt=-pass-through=-lgcc_s] ==> ignore
    arg [-plugin-opt=-pass-through=-lgcc] ==> ignore
    arg [-plugin-opt=-pass-through=-lcygwin] ==> ignore
    arg [-plugin-opt=-pass-through=-ladvapi32] ==> ignore
    arg [-plugin-opt=-pass-through=-lshell32] ==> ignore
    arg [-plugin-opt=-pass-through=-luser32] ==> ignore
    arg [-plugin-opt=-pass-through=-lkernel32] ==> ignore
    arg [-plugin-opt=-pass-through=-lgcc_s] ==> ignore
    arg [-plugin-opt=-pass-through=-lgcc] ==> ignore
    arg [--build-id] ==> ignore
    arg [-m] ==> ignore
    arg [i386pep] ==> ignore
    arg [--wrap] ==> ignore
    arg [_Znwm] ==> ignore
    arg [--wrap] ==> ignore
    arg [_Znam] ==> ignore
    arg [--wrap] ==> ignore
    arg [_ZdlPv] ==> ignore
    arg [--wrap] ==> ignore
    arg [_ZdaPv] ==> ignore
    arg [--wrap] ==> ignore
    arg [_ZnwmRKSt9nothrow_t] ==> ignore
    arg [--wrap] ==> ignore
    arg [_ZnamRKSt9nothrow_t] ==> ignore
    arg [--wrap] ==> ignore
    arg [_ZdlPvRKSt9nothrow_t] ==> ignore
    arg [--wrap] ==> ignore
    arg [_ZdaPvRKSt9nothrow_t] ==> ignore
    arg [-Bdynamic] ==> ignore
    arg [--dll-search-prefix=cyg] ==> ignore
    arg [--tsaware] ==> ignore
    arg [-o] ==> ignore
    arg [cmTC_047a7.exe] ==> ignore
    arg [/cygdrive/c/cygwin64/bin/../lib/gcc/x86_64-pc-cygwin/6.4.0/../../../../lib/crt0.o] ==> ignore
    arg [/cygdrive/c/cygwin64/bin/../lib/gcc/x86_64-pc-cygwin/6.4.0/crtbegin.o] ==> ignore
    arg [-L/cygdrive/c/cygwin64/bin/../lib/gcc/x86_64-pc-cygwin/6.4.0] ==> dir [/cygdrive/c/cygwin64/bin/../lib/gcc/x86_64-pc-cygwin/6.4.0]
    arg [-L/cygdrive/c/cygwin64/bin/../lib/gcc] ==> dir [/cygdrive/c/cygwin64/bin/../lib/gcc]
    arg [-L/cygdrive/c/cygwin64/bin/../lib/gcc/x86_64-pc-cygwin/6.4.0/../../../../lib] ==> dir [/cygdrive/c/cygwin64/bin/../lib/gcc/x86_64-pc-cygwin/6.4.0/../../../../lib]
    arg [-L/lib/../lib] ==> dir [/lib/../lib]
    arg [-L/usr/lib/../lib] ==> dir [/usr/lib/../lib]
    arg [-L/cygdrive/c/cygwin64/bin/../lib/gcc/x86_64-pc-cygwin/6.4.0/../../..] ==> dir [/cygdrive/c/cygwin64/bin/../lib/gcc/x86_64-pc-cygwin/6.4.0/../../..]
    arg [--enable-auto-import] ==> ignore
    arg [CMakeFiles/cmTC_047a7.dir/CMakeCCompilerABI.c.o] ==> ignore
    arg [--out-implib] ==> ignore
    arg [libcmTC_047a7.dll.a] ==> ignore
    arg [--major-image-version] ==> ignore
    arg [0] ==> ignore
    arg [--minor-image-version] ==> ignore
    arg [0] ==> ignore
    arg [-lgcc_s] ==> lib [gcc_s]
    arg [-lgcc] ==> lib [gcc]
    arg [-lcygwin] ==> lib [cygwin]
    arg [-ladvapi32] ==> lib [advapi32]
    arg [-lshell32] ==> lib [shell32]
    arg [-luser32] ==> lib [user32]
    arg [-lkernel32] ==> lib [kernel32]
    arg [-lgcc_s] ==> lib [gcc_s]
    arg [-lgcc] ==> lib [gcc]
    arg [/cygdrive/c/cygwin64/bin/../lib/gcc/x86_64-pc-cygwin/6.4.0/../../../../lib/default-manifest.o] ==> ignore
    arg [/cygdrive/c/cygwin64/bin/../lib/gcc/x86_64-pc-cygwin/6.4.0/crtend.o] ==> ignore
  collapse library dir [/cygdrive/c/cygwin64/bin/../lib/gcc/x86_64-pc-cygwin/6.4.0] ==> [/cygdrive/c/cygwin64/lib/gcc/x86_64-pc-cygwin/6.4.0]
  collapse library dir [/cygdrive/c/cygwin64/bin/../lib/gcc] ==> [/cygdrive/c/cygwin64/lib/gcc]
  collapse library dir [/cygdrive/c/cygwin64/bin/../lib/gcc/x86_64-pc-cygwin/6.4.0/../../../../lib] ==> [/cygdrive/c/cygwin64/lib]
  collapse library dir [/lib/../lib] ==> [/lib]
  collapse library dir [/usr/lib/../lib] ==> [/usr/lib]
  collapse library dir [/cygdrive/c/cygwin64/bin/../lib/gcc/x86_64-pc-cygwin/6.4.0/../../..] ==> [/cygdrive/c/cygwin64/lib]
  implicit libs: [gcc_s;gcc;cygwin;advapi32;shell32;user32;kernel32;gcc_s;gcc]
  implicit dirs: [/cygdrive/c/cygwin64/lib/gcc/x86_64-pc-cygwin/6.4.0;/cygdrive/c/cygwin64/lib/gcc;/cygdrive/c/cygwin64/lib;/lib;/usr/lib]
  implicit fwks: []




Detecting C [-std=c11] compiler features compiled with the following output:
Change Dir: /cygdrive/c/Users/lolwuz/Documents/GitHub/C4-lolwuz/cmake-build-debug/CMakeFiles/CMakeTmp

Run Build Command:"/cygdrive/c/cygwin64/bin/make.exe" "cmTC_e749a/fast"
/cygdrive/c/cygwin64/bin/make -f CMakeFiles/cmTC_e749a.dir/build.make CMakeFiles/cmTC_e749a.dir/build
make[1]: Entering directory '/cygdrive/c/Users/lolwuz/Documents/GitHub/C4-lolwuz/cmake-build-debug/CMakeFiles/CMakeTmp'
Building C object CMakeFiles/cmTC_e749a.dir/feature_tests.c.o
/cygdrive/c/cygwin64/bin/cc   -std=c11 -o CMakeFiles/cmTC_e749a.dir/feature_tests.c.o   -c /cygdrive/c/Users/lolwuz/Documents/GitHub/C4-lolwuz/cmake-build-debug/CMakeFiles/feature_tests.c
Linking C executable cmTC_e749a.exe
/cygdrive/c/Users/lolwuz/.CLion2017.3/system/cygwin_cmake/bin/cmake.exe -E cmake_link_script CMakeFiles/cmTC_e749a.dir/link.txt --verbose=1
/cygdrive/c/cygwin64/bin/cc    -Wl,--enable-auto-import  CMakeFiles/cmTC_e749a.dir/feature_tests.c.o  -o cmTC_e749a.exe -Wl,--out-implib,libcmTC_e749a.dll.a -Wl,--major-image-version,0,--minor-image-version,0 
make[1]: Leaving directory '/cygdrive/c/Users/lolwuz/Documents/GitHub/C4-lolwuz/cmake-build-debug/CMakeFiles/CMakeTmp'


    Feature record: C_FEATURE:1c_function_prototypes
    Feature record: C_FEATURE:1c_restrict
    Feature record: C_FEATURE:1c_static_assert
    Feature record: C_FEATURE:1c_variadic_macros


Detecting C [-std=c99] compiler features compiled with the following output:
Change Dir: /cygdrive/c/Users/lolwuz/Documents/GitHub/C4-lolwuz/cmake-build-debug/CMakeFiles/CMakeTmp

Run Build Command:"/cygdrive/c/cygwin64/bin/make.exe" "cmTC_12aa5/fast"
/cygdrive/c/cygwin64/bin/make -f CMakeFiles/cmTC_12aa5.dir/build.make CMakeFiles/cmTC_12aa5.dir/build
make[1]: Entering directory '/cygdrive/c/Users/lolwuz/Documents/GitHub/C4-lolwuz/cmake-build-debug/CMakeFiles/CMakeTmp'
Building C object CMakeFiles/cmTC_12aa5.dir/feature_tests.c.o
/cygdrive/c/cygwin64/bin/cc   -std=c99 -o CMakeFiles/cmTC_12aa5.dir/feature_tests.c.o   -c /cygdrive/c/Users/lolwuz/Documents/GitHub/C4-lolwuz/cmake-build-debug/CMakeFiles/feature_tests.c
Linking C executable cmTC_12aa5.exe
/cygdrive/c/Users/lolwuz/.CLion2017.3/system/cygwin_cmake/bin/cmake.exe -E cmake_link_script CMakeFiles/cmTC_12aa5.dir/link.txt --verbose=1
/cygdrive/c/cygwin64/bin/cc    -Wl,--enable-auto-import  CMakeFiles/cmTC_12aa5.dir/feature_tests.c.o  -o cmTC_12aa5.exe -Wl,--out-implib,libcmTC_12aa5.dll.a -Wl,--major-image-version,0,--minor-image-version,0 
make[1]: Leaving directory '/cygdrive/c/Users/lolwuz/Documents/GitHub/C4-lolwuz/cmake-build-debug/CMakeFiles/CMakeTmp'


    Feature record: C_FEATURE:1c_function_prototypes
    Feature record: C_FEATURE:1c_restrict
    Feature record: C_FEATURE:0c_static_assert
    Feature record: C_FEATURE:1c_variadic_macros


Detecting C [-std=c90] compiler features compiled with the following output:
Change Dir: /cygdrive/c/Users/lolwuz/Documents/GitHub/C4-lolwuz/cmake-build-debug/CMakeFiles/CMakeTmp

Run Build Command:"/cygdrive/c/cygwin64/bin/make.exe" "cmTC_6fe00/fast"
/cygdrive/c/cygwin64/bin/make -f CMakeFiles/cmTC_6fe00.dir/build.make CMakeFiles/cmTC_6fe00.dir/build
make[1]: Entering directory '/cygdrive/c/Users/lolwuz/Documents/GitHub/C4-lolwuz/cmake-build-debug/CMakeFiles/CMakeTmp'
Building C object CMakeFiles/cmTC_6fe00.dir/feature_tests.c.o
/cygdrive/c/cygwin64/bin/cc   -std=c90 -o CMakeFiles/cmTC_6fe00.dir/feature_tests.c.o   -c /cygdrive/c/Users/lolwuz/Documents/GitHub/C4-lolwuz/cmake-build-debug/CMakeFiles/feature_tests.c
Linking C executable cmTC_6fe00.exe
/cygdrive/c/Users/lolwuz/.CLion2017.3/system/cygwin_cmake/bin/cmake.exe -E cmake_link_script CMakeFiles/cmTC_6fe00.dir/link.txt --verbose=1
/cygdrive/c/cygwin64/bin/cc    -Wl,--enable-auto-import  CMakeFiles/cmTC_6fe00.dir/feature_tests.c.o  -o cmTC_6fe00.exe -Wl,--out-implib,libcmTC_6fe00.dll.a -Wl,--major-image-version,0,--minor-image-version,0 
make[1]: Leaving directory '/cygdrive/c/Users/lolwuz/Documents/GitHub/C4-lolwuz/cmake-build-debug/CMakeFiles/CMakeTmp'


    Feature record: C_FEATURE:1c_function_prototypes
    Feature record: C_FEATURE:0c_restrict
    Feature record: C_FEATURE:0c_static_assert
    Feature record: C_FEATURE:0c_variadic_macros
Determining if the CXX compiler works passed with the following output:
Change Dir: /cygdrive/c/Users/lolwuz/Documents/GitHub/C4-lolwuz/cmake-build-debug/CMakeFiles/CMakeTmp

Run Build Command:"/cygdrive/c/cygwin64/bin/make.exe" "cmTC_54327/fast"
/cygdrive/c/cygwin64/bin/make -f CMakeFiles/cmTC_54327.dir/build.make CMakeFiles/cmTC_54327.dir/build
make[1]: Entering directory '/cygdrive/c/Users/lolwuz/Documents/GitHub/C4-lolwuz/cmake-build-debug/CMakeFiles/CMakeTmp'
Building CXX object CMakeFiles/cmTC_54327.dir/testCXXCompiler.cxx.o
/cygdrive/c/cygwin64/bin/c++.exe     -o CMakeFiles/cmTC_54327.dir/testCXXCompiler.cxx.o -c /cygdrive/c/Users/lolwuz/Documents/GitHub/C4-lolwuz/cmake-build-debug/CMakeFiles/CMakeTmp/testCXXCompiler.cxx
Linking CXX executable cmTC_54327.exe
/cygdrive/c/Users/lolwuz/.CLion2017.3/system/cygwin_cmake/bin/cmake.exe -E cmake_link_script CMakeFiles/cmTC_54327.dir/link.txt --verbose=1
/cygdrive/c/cygwin64/bin/c++.exe    -Wl,--enable-auto-import  CMakeFiles/cmTC_54327.dir/testCXXCompiler.cxx.o  -o cmTC_54327.exe -Wl,--out-implib,libcmTC_54327.dll.a -Wl,--major-image-version,0,--minor-image-version,0 
make[1]: Leaving directory '/cygdrive/c/Users/lolwuz/Documents/GitHub/C4-lolwuz/cmake-build-debug/CMakeFiles/CMakeTmp'


Detecting CXX compiler ABI info compiled with the following output:
Change Dir: /cygdrive/c/Users/lolwuz/Documents/GitHub/C4-lolwuz/cmake-build-debug/CMakeFiles/CMakeTmp

Run Build Command:"/cygdrive/c/cygwin64/bin/make.exe" "cmTC_b641c/fast"
/cygdrive/c/cygwin64/bin/make -f CMakeFiles/cmTC_b641c.dir/build.make CMakeFiles/cmTC_b641c.dir/build
make[1]: Entering directory '/cygdrive/c/Users/lolwuz/Documents/GitHub/C4-lolwuz/cmake-build-debug/CMakeFiles/CMakeTmp'
Building CXX object CMakeFiles/cmTC_b641c.dir/CMakeCXXCompilerABI.cpp.o
/cygdrive/c/cygwin64/bin/c++.exe     -o CMakeFiles/cmTC_b641c.dir/CMakeCXXCompilerABI.cpp.o -c /cygdrive/c/Users/lolwuz/.CLion2017.3/system/cygwin_cmake/share/cmake-3.9.6/Modules/CMakeCXXCompilerABI.cpp
Linking CXX executable cmTC_b641c.exe
/cygdrive/c/Users/lolwuz/.CLion2017.3/system/cygwin_cmake/bin/cmake.exe -E cmake_link_script CMakeFiles/cmTC_b641c.dir/link.txt --verbose=1
/cygdrive/c/cygwin64/bin/c++.exe    -Wl,--enable-auto-import -v CMakeFiles/cmTC_b641c.dir/CMakeCXXCompilerABI.cpp.o  -o cmTC_b641c.exe -Wl,--out-implib,libcmTC_b641c.dll.a -Wl,--major-image-version,0,--minor-image-version,0 
Using built-in specs.
COLLECT_GCC=/cygdrive/c/cygwin64/bin/c++
COLLECT_LTO_WRAPPER=/cygdrive/c/cygwin64/bin/../lib/gcc/x86_64-pc-cygwin/6.4.0/lto-wrapper.exe
Target: x86_64-pc-cygwin
Configured with: /cygdrive/i/szsz/tmpp/gcc/gcc-6.4.0-5.x86_64/src/gcc-6.4.0/configure --srcdir=/cygdrive/i/szsz/tmpp/gcc/gcc-6.4.0-5.x86_64/src/gcc-6.4.0 --prefix=/usr --exec-prefix=/usr --localstatedir=/var --sysconfdir=/etc --docdir=/usr/share/doc/gcc --htmldir=/usr/share/doc/gcc/html -C --build=x86_64-pc-cygwin --host=x86_64-pc-cygwin --target=x86_64-pc-cygwin --without-libiconv-prefix --without-libintl-prefix --libexecdir=/usr/lib --enable-shared --enable-shared-libgcc --enable-static --enable-version-specific-runtime-libs --enable-bootstrap --enable-__cxa_atexit --with-dwarf2 --with-tune=generic --enable-languages=ada,c,c++,fortran,lto,objc,obj-c++ --enable-graphite --enable-threads=posix --enable-libatomic --enable-libcilkrts --enable-libgomp --enable-libitm --enable-libquadmath --enable-libquadmath-support --disable-libssp --enable-libada --disable-symvers --with-gnu-ld --with-gnu-as --with-cloog-include=/usr/include/cloog-isl --without-libiconv-prefix --without-libintl-prefix --with-system-zlib --enable-linker-build-id --with-default-libstdcxx-abi=gcc4-compatible
Thread model: posix
gcc version 6.4.0 (GCC) 
COMPILER_PATH=/cygdrive/c/cygwin64/bin/../lib/gcc/x86_64-pc-cygwin/6.4.0/:/cygdrive/c/cygwin64/bin/../lib/gcc/
LIBRARY_PATH=/cygdrive/c/cygwin64/bin/../lib/gcc/x86_64-pc-cygwin/6.4.0/:/cygdrive/c/cygwin64/bin/../lib/gcc/:/cygdrive/c/cygwin64/bin/../lib/gcc/x86_64-pc-cygwin/6.4.0/../../../../lib/:/lib/../lib/:/usr/lib/../lib/:/cygdrive/c/cygwin64/bin/../lib/gcc/x86_64-pc-cygwin/6.4.0/../../../:/lib/:/usr/lib/
COLLECT_GCC_OPTIONS='-v' '-o' 'cmTC_b641c.exe' '-shared-libgcc' '-mtune=generic' '-march=x86-64'
 /cygdrive/c/cygwin64/bin/../lib/gcc/x86_64-pc-cygwin/6.4.0/collect2.exe -plugin /cygdrive/c/cygwin64/bin/../lib/gcc/x86_64-pc-cygwin/6.4.0/cyglto_plugin.dll -plugin-opt=/cygdrive/c/cygwin64/bin/../lib/gcc/x86_64-pc-cygwin/6.4.0/lto-wrapper.exe -plugin-opt=-fresolution=/tmp/ccFPVhCn.res -plugin-opt=-pass-through=-lgcc_s -plugin-opt=-pass-through=-lgcc -plugin-opt=-pass-through=-lcygwin -plugin-opt=-pass-through=-ladvapi32 -plugin-opt=-pass-through=-lshell32 -plugin-opt=-pass-through=-luser32 -plugin-opt=-pass-through=-lkernel32 -plugin-opt=-pass-through=-lgcc_s -plugin-opt=-pass-through=-lgcc --build-id -m i386pep --wrap _Znwm --wrap _Znam --wrap _ZdlPv --wrap _ZdaPv --wrap _ZnwmRKSt9nothrow_t --wrap _ZnamRKSt9nothrow_t --wrap _ZdlPvRKSt9nothrow_t --wrap _ZdaPvRKSt9nothrow_t -Bdynamic --dll-search-prefix=cyg --tsaware -o cmTC_b641c.exe /cygdrive/c/cygwin64/bin/../lib/gcc/x86_64-pc-cygwin/6.4.0/../../../../lib/crt0.o /cygdrive/c/cygwin64/bin/../lib/gcc/x86_64-pc-cygwin/6.4.0/crtbegin.o -L/cygdrive/c/cygwin64/bin/../lib/gcc/x86_64-pc-cygwin/6.4.0 -L/cygdrive/c/cygwin64/bin/../lib/gcc -L/cygdrive/c/cygwin64/bin/../lib/gcc/x86_64-pc-cygwin/6.4.0/../../../../lib -L/lib/../lib -L/usr/lib/../lib -L/cygdrive/c/cygwin64/bin/../lib/gcc/x86_64-pc-cygwin/6.4.0/../../.. --enable-auto-import CMakeFiles/cmTC_b641c.dir/CMakeCXXCompilerABI.cpp.o --out-implib libcmTC_b641c.dll.a --major-image-version 0 --minor-image-version 0 -lstdc++ -lgcc_s -lgcc -lcygwin -ladvapi32 -lshell32 -luser32 -lkernel32 -lgcc_s -lgcc /cygdrive/c/cygwin64/bin/../lib/gcc/x86_64-pc-cygwin/6.4.0/../../../../lib/default-manifest.o /cygdrive/c/cygwin64/bin/../lib/gcc/x86_64-pc-cygwin/6.4.0/crtend.o
COLLECT_GCC_OPTIONS='-v' '-o' 'cmTC_b641c.exe' '-shared-libgcc' '-mtune=generic' '-march=x86-64'
make[1]: Leaving directory '/cygdrive/c/Users/lolwuz/Documents/GitHub/C4-lolwuz/cmake-build-debug/CMakeFiles/CMakeTmp'


Parsed CXX implicit link information from above output:
  link line regex: [^( *|.*[/\])(ld\.exe|CMAKE_LINK_STARTFILE-NOTFOUND|([^/\]+-)?ld|collect2)[^/\]*( |$)]
  ignore line: [Change Dir: /cygdrive/c/Users/lolwuz/Documents/GitHub/C4-lolwuz/cmake-build-debug/CMakeFiles/CMakeTmp]
  ignore line: []
  ignore line: [Run Build Command:"/cygdrive/c/cygwin64/bin/make.exe" "cmTC_b641c/fast"]
  ignore line: [/cygdrive/c/cygwin64/bin/make -f CMakeFiles/cmTC_b641c.dir/build.make CMakeFiles/cmTC_b641c.dir/build]
  ignore line: [make[1]: Entering directory '/cygdrive/c/Users/lolwuz/Documents/GitHub/C4-lolwuz/cmake-build-debug/CMakeFiles/CMakeTmp']
  ignore line: [Building CXX object CMakeFiles/cmTC_b641c.dir/CMakeCXXCompilerABI.cpp.o]
  ignore line: [/cygdrive/c/cygwin64/bin/c++.exe     -o CMakeFiles/cmTC_b641c.dir/CMakeCXXCompilerABI.cpp.o -c /cygdrive/c/Users/lolwuz/.CLion2017.3/system/cygwin_cmake/share/cmake-3.9.6/Modules/CMakeCXXCompilerABI.cpp]
  ignore line: [Linking CXX executable cmTC_b641c.exe]
  ignore line: [/cygdrive/c/Users/lolwuz/.CLion2017.3/system/cygwin_cmake/bin/cmake.exe -E cmake_link_script CMakeFiles/cmTC_b641c.dir/link.txt --verbose=1]
  ignore line: [/cygdrive/c/cygwin64/bin/c++.exe    -Wl,--enable-auto-import -v CMakeFiles/cmTC_b641c.dir/CMakeCXXCompilerABI.cpp.o  -o cmTC_b641c.exe -Wl,--out-implib,libcmTC_b641c.dll.a -Wl,--major-image-version,0,--minor-image-version,0 ]
  ignore line: [Using built-in specs.]
  ignore line: [COLLECT_GCC=/cygdrive/c/cygwin64/bin/c++]
  ignore line: [COLLECT_LTO_WRAPPER=/cygdrive/c/cygwin64/bin/../lib/gcc/x86_64-pc-cygwin/6.4.0/lto-wrapper.exe]
  ignore line: [Target: x86_64-pc-cygwin]
  ignore line: [Configured with: /cygdrive/i/szsz/tmpp/gcc/gcc-6.4.0-5.x86_64/src/gcc-6.4.0/configure --srcdir=/cygdrive/i/szsz/tmpp/gcc/gcc-6.4.0-5.x86_64/src/gcc-6.4.0 --prefix=/usr --exec-prefix=/usr --localstatedir=/var --sysconfdir=/etc --docdir=/usr/share/doc/gcc --htmldir=/usr/share/doc/gcc/html -C --build=x86_64-pc-cygwin --host=x86_64-pc-cygwin --target=x86_64-pc-cygwin --without-libiconv-prefix --without-libintl-prefix --libexecdir=/usr/lib --enable-shared --enable-shared-libgcc --enable-static --enable-version-specific-runtime-libs --enable-bootstrap --enable-__cxa_atexit --with-dwarf2 --with-tune=generic --enable-languages=ada,c,c++,fortran,lto,objc,obj-c++ --enable-graphite --enable-threads=posix --enable-libatomic --enable-libcilkrts --enable-libgomp --enable-libitm --enable-libquadmath --enable-libquadmath-support --disable-libssp --enable-libada --disable-symvers --with-gnu-ld --with-gnu-as --with-cloog-include=/usr/include/cloog-isl --without-libiconv-prefix --without-libintl-prefix --with-system-zlib --enable-linker-build-id --with-default-libstdcxx-abi=gcc4-compatible]
  ignore line: [Thread model: posix]
  ignore line: [gcc version 6.4.0 (GCC) ]
  ignore line: [COMPILER_PATH=/cygdrive/c/cygwin64/bin/../lib/gcc/x86_64-pc-cygwin/6.4.0/:/cygdrive/c/cygwin64/bin/../lib/gcc/]
  ignore line: [LIBRARY_PATH=/cygdrive/c/cygwin64/bin/../lib/gcc/x86_64-pc-cygwin/6.4.0/:/cygdrive/c/cygwin64/bin/../lib/gcc/:/cygdrive/c/cygwin64/bin/../lib/gcc/x86_64-pc-cygwin/6.4.0/../../../../lib/:/lib/../lib/:/usr/lib/../lib/:/cygdrive/c/cygwin64/bin/../lib/gcc/x86_64-pc-cygwin/6.4.0/../../../:/lib/:/usr/lib/]
  ignore line: [COLLECT_GCC_OPTIONS='-v' '-o' 'cmTC_b641c.exe' '-shared-libgcc' '-mtune=generic' '-march=x86-64']
  link line: [ /cygdrive/c/cygwin64/bin/../lib/gcc/x86_64-pc-cygwin/6.4.0/collect2.exe -plugin /cygdrive/c/cygwin64/bin/../lib/gcc/x86_64-pc-cygwin/6.4.0/cyglto_plugin.dll -plugin-opt=/cygdrive/c/cygwin64/bin/../lib/gcc/x86_64-pc-cygwin/6.4.0/lto-wrapper.exe -plugin-opt=-fresolution=/tmp/ccFPVhCn.res -plugin-opt=-pass-through=-lgcc_s -plugin-opt=-pass-through=-lgcc -plugin-opt=-pass-through=-lcygwin -plugin-opt=-pass-through=-ladvapi32 -plugin-opt=-pass-through=-lshell32 -plugin-opt=-pass-through=-luser32 -plugin-opt=-pass-through=-lkernel32 -plugin-opt=-pass-through=-lgcc_s -plugin-opt=-pass-through=-lgcc --build-id -m i386pep --wrap _Znwm --wrap _Znam --wrap _ZdlPv --wrap _ZdaPv --wrap _ZnwmRKSt9nothrow_t --wrap _ZnamRKSt9nothrow_t --wrap _ZdlPvRKSt9nothrow_t --wrap _ZdaPvRKSt9nothrow_t -Bdynamic --dll-search-prefix=cyg --tsaware -o cmTC_b641c.exe /cygdrive/c/cygwin64/bin/../lib/gcc/x86_64-pc-cygwin/6.4.0/../../../../lib/crt0.o /cygdrive/c/cygwin64/bin/../lib/gcc/x86_64-pc-cygwin/6.4.0/crtbegin.o -L/cygdrive/c/cygwin64/bin/../lib/gcc/x86_64-pc-cygwin/6.4.0 -L/cygdrive/c/cygwin64/bin/../lib/gcc -L/cygdrive/c/cygwin64/bin/../lib/gcc/x86_64-pc-cygwin/6.4.0/../../../../lib -L/lib/../lib -L/usr/lib/../lib -L/cygdrive/c/cygwin64/bin/../lib/gcc/x86_64-pc-cygwin/6.4.0/../../.. --enable-auto-import CMakeFiles/cmTC_b641c.dir/CMakeCXXCompilerABI.cpp.o --out-implib libcmTC_b641c.dll.a --major-image-version 0 --minor-image-version 0 -lstdc++ -lgcc_s -lgcc -lcygwin -ladvapi32 -lshell32 -luser32 -lkernel32 -lgcc_s -lgcc /cygdrive/c/cygwin64/bin/../lib/gcc/x86_64-pc-cygwin/6.4.0/../../../../lib/default-manifest.o /cygdrive/c/cygwin64/bin/../lib/gcc/x86_64-pc-cygwin/6.4.0/crtend.o]
    arg [/cygdrive/c/cygwin64/bin/../lib/gcc/x86_64-pc-cygwin/6.4.0/collect2.exe] ==> ignore
    arg [-plugin] ==> ignore
    arg [/cygdrive/c/cygwin64/bin/../lib/gcc/x86_64-pc-cygwin/6.4.0/cyglto_plugin.dll] ==> ignore
    arg [-plugin-opt=/cygdrive/c/cygwin64/bin/../lib/gcc/x86_64-pc-cygwin/6.4.0/lto-wrapper.exe] ==> ignore
    arg [-plugin-opt=-fresolution=/tmp/ccFPVhCn.res] ==> ignore
    arg [-plugin-opt=-pass-through=-lgcc_s] ==> ignore
    arg [-plugin-opt=-pass-through=-lgcc] ==> ignore
    arg [-plugin-opt=-pass-through=-lcygwin] ==> ignore
    arg [-plugin-opt=-pass-through=-ladvapi32] ==> ignore
    arg [-plugin-opt=-pass-through=-lshell32] ==> ignore
    arg [-plugin-opt=-pass-through=-luser32] ==> ignore
    arg [-plugin-opt=-pass-through=-lkernel32] ==> ignore
    arg [-plugin-opt=-pass-through=-lgcc_s] ==> ignore
    arg [-plugin-opt=-pass-through=-lgcc] ==> ignore
    arg [--build-id] ==> ignore
    arg [-m] ==> ignore
    arg [i386pep] ==> ignore
    arg [--wrap] ==> ignore
    arg [_Znwm] ==> ignore
    arg [--wrap] ==> ignore
    arg [_Znam] ==> ignore
    arg [--wrap] ==> ignore
    arg [_ZdlPv] ==> ignore
    arg [--wrap] ==> ignore
    arg [_ZdaPv] ==> ignore
    arg [--wrap] ==> ignore
    arg [_ZnwmRKSt9nothrow_t] ==> ignore
    arg [--wrap] ==> ignore
    arg [_ZnamRKSt9nothrow_t] ==> ignore
    arg [--wrap] ==> ignore
    arg [_ZdlPvRKSt9nothrow_t] ==> ignore
    arg [--wrap] ==> ignore
    arg [_ZdaPvRKSt9nothrow_t] ==> ignore
    arg [-Bdynamic] ==> ignore
    arg [--dll-search-prefix=cyg] ==> ignore
    arg [--tsaware] ==> ignore
    arg [-o] ==> ignore
    arg [cmTC_b641c.exe] ==> ignore
    arg [/cygdrive/c/cygwin64/bin/../lib/gcc/x86_64-pc-cygwin/6.4.0/../../../../lib/crt0.o] ==> ignore
    arg [/cygdrive/c/cygwin64/bin/../lib/gcc/x86_64-pc-cygwin/6.4.0/crtbegin.o] ==> ignore
    arg [-L/cygdrive/c/cygwin64/bin/../lib/gcc/x86_64-pc-cygwin/6.4.0] ==> dir [/cygdrive/c/cygwin64/bin/../lib/gcc/x86_64-pc-cygwin/6.4.0]
    arg [-L/cygdrive/c/cygwin64/bin/../lib/gcc] ==> dir [/cygdrive/c/cygwin64/bin/../lib/gcc]
    arg [-L/cygdrive/c/cygwin64/bin/../lib/gcc/x86_64-pc-cygwin/6.4.0/../../../../lib] ==> dir [/cygdrive/c/cygwin64/bin/../lib/gcc/x86_64-pc-cygwin/6.4.0/../../../../lib]
    arg [-L/lib/../lib] ==> dir [/lib/../lib]
    arg [-L/usr/lib/../lib] ==> dir [/usr/lib/../lib]
    arg [-L/cygdrive/c/cygwin64/bin/../lib/gcc/x86_64-pc-cygwin/6.4.0/../../..] ==> dir [/cygdrive/c/cygwin64/bin/../lib/gcc/x86_64-pc-cygwin/6.4.0/../../..]
    arg [--enable-auto-import] ==> ignore
    arg [CMakeFiles/cmTC_b641c.dir/CMakeCXXCompilerABI.cpp.o] ==> ignore
    arg [--out-implib] ==> ignore
    arg [libcmTC_b641c.dll.a] ==> ignore
    arg [--major-image-version] ==> ignore
    arg [0] ==> ignore
    arg [--minor-image-version] ==> ignore
    arg [0] ==> ignore
    arg [-lstdc++] ==> lib [stdc++]
    arg [-lgcc_s] ==> lib [gcc_s]
    arg [-lgcc] ==> lib [gcc]
    arg [-lcygwin] ==> lib [cygwin]
    arg [-ladvapi32] ==> lib [advapi32]
    arg [-lshell32] ==> lib [shell32]
    arg [-luser32] ==> lib [user32]
    arg [-lkernel32] ==> lib [kernel32]
    arg [-lgcc_s] ==> lib [gcc_s]
    arg [-lgcc] ==> lib [gcc]
    arg [/cygdrive/c/cygwin64/bin/../lib/gcc/x86_64-pc-cygwin/6.4.0/../../../../lib/default-manifest.o] ==> ignore
    arg [/cygdrive/c/cygwin64/bin/../lib/gcc/x86_64-pc-cygwin/6.4.0/crtend.o] ==> ignore
  collapse library dir [/cygdrive/c/cygwin64/bin/../lib/gcc/x86_64-pc-cygwin/6.4.0] ==> [/cygdrive/c/cygwin64/lib/gcc/x86_64-pc-cygwin/6.4.0]
  collapse library dir [/cygdrive/c/cygwin64/bin/../lib/gcc] ==> [/cygdrive/c/cygwin64/lib/gcc]
  collapse library dir [/cygdrive/c/cygwin64/bin/../lib/gcc/x86_64-pc-cygwin/6.4.0/../../../../lib] ==> [/cygdrive/c/cygwin64/lib]
  collapse library dir [/lib/../lib] ==> [/lib]
  collapse library dir [/usr/lib/../lib] ==> [/usr/lib]
  collapse library dir [/cygdrive/c/cygwin64/bin/../lib/gcc/x86_64-pc-cygwin/6.4.0/../../..] ==> [/cygdrive/c/cygwin64/lib]
  implicit libs: [stdc++;gcc_s;gcc;cygwin;advapi32;shell32;user32;kernel32;gcc_s;gcc]
  implicit dirs: [/cygdrive/c/cygwin64/lib/gcc/x86_64-pc-cygwin/6.4.0;/cygdrive/c/cygwin64/lib/gcc;/cygdrive/c/cygwin64/lib;/lib;/usr/lib]
  implicit fwks: []




Detecting CXX [-std=c++1z] compiler features compiled with the following output:
Change Dir: /cygdrive/c/Users/lolwuz/Documents/GitHub/C4-lolwuz/cmake-build-debug/CMakeFiles/CMakeTmp

Run Build Command:"/cygdrive/c/cygwin64/bin/make.exe" "cmTC_b405b/fast"
/cygdrive/c/cygwin64/bin/make -f CMakeFiles/cmTC_b405b.dir/build.make CMakeFiles/cmTC_b405b.dir/build
make[1]: Entering directory '/cygdrive/c/Users/lolwuz/Documents/GitHub/C4-lolwuz/cmake-build-debug/CMakeFiles/CMakeTmp'
Building CXX object CMakeFiles/cmTC_b405b.dir/feature_tests.cxx.o
/cygdrive/c/cygwin64/bin/c++.exe    -std=c++1z -o CMakeFiles/cmTC_b405b.dir/feature_tests.cxx.o -c /cygdrive/c/Users/lolwuz/Documents/GitHub/C4-lolwuz/cmake-build-debug/CMakeFiles/feature_tests.cxx
Linking CXX executable cmTC_b405b.exe
/cygdrive/c/Users/lolwuz/.CLion2017.3/system/cygwin_cmake/bin/cmake.exe -E cmake_link_script CMakeFiles/cmTC_b405b.dir/link.txt --verbose=1
/cygdrive/c/cygwin64/bin/c++.exe    -Wl,--enable-auto-import  CMakeFiles/cmTC_b405b.dir/feature_tests.cxx.o  -o cmTC_b405b.exe -Wl,--out-implib,libcmTC_b405b.dll.a -Wl,--major-image-version,0,--minor-image-version,0 
make[1]: Leaving directory '/cygdrive/c/Users/lolwuz/Documents/GitHub/C4-lolwuz/cmake-build-debug/CMakeFiles/CMakeTmp'


    Feature record: CXX_FEATURE:1cxx_aggregate_default_initializers
    Feature record: CXX_FEATURE:1cxx_alias_templates
    Feature record: CXX_FEATURE:1cxx_alignas
    Feature record: CXX_FEATURE:1cxx_alignof
    Feature record: CXX_FEATURE:1cxx_attributes
    Feature record: CXX_FEATURE:1cxx_attribute_deprecated
    Feature record: CXX_FEATURE:1cxx_auto_type
    Feature record: CXX_FEATURE:1cxx_binary_literals
    Feature record: CXX_FEATURE:1cxx_constexpr
    Feature record: CXX_FEATURE:1cxx_contextual_conversions
    Feature record: CXX_FEATURE:1cxx_decltype
    Feature record: CXX_FEATURE:1cxx_decltype_auto
    Feature record: CXX_FEATURE:1cxx_decltype_incomplete_return_types
    Feature record: CXX_FEATURE:1cxx_default_function_template_args
    Feature record: CXX_FEATURE:1cxx_defaulted_functions
    Feature record: CXX_FEATURE:1cxx_defaulted_move_initializers
    Feature record: CXX_FEATURE:1cxx_delegating_constructors
    Feature record: CXX_FEATURE:1cxx_deleted_functions
    Feature record: CXX_FEATURE:1cxx_digit_separators
    Feature record: CXX_FEATURE:1cxx_enum_forward_declarations
    Feature record: CXX_FEATURE:1cxx_explicit_conversions
    Feature record: CXX_FEATURE:1cxx_extended_friend_declarations
    Feature record: CXX_FEATURE:1cxx_extern_templates
    Feature record: CXX_FEATURE:1cxx_final
    Feature record: CXX_FEATURE:1cxx_func_identifier
    Feature record: CXX_FEATURE:1cxx_generalized_initializers
    Feature record: CXX_FEATURE:1cxx_generic_lambdas
    Feature record: CXX_FEATURE:1cxx_inheriting_constructors
    Feature record: CXX_FEATURE:1cxx_inline_namespaces
    Feature record: CXX_FEATURE:1cxx_lambdas
    Feature record: CXX_FEATURE:1cxx_lambda_init_captures
    Feature record: CXX_FEATURE:1cxx_local_type_template_args
    Feature record: CXX_FEATURE:1cxx_long_long_type
    Feature record: CXX_FEATURE:1cxx_noexcept
    Feature record: CXX_FEATURE:1cxx_nonstatic_member_init
    Feature record: CXX_FEATURE:1cxx_nullptr
    Feature record: CXX_FEATURE:1cxx_override
    Feature record: CXX_FEATURE:1cxx_range_for
    Feature record: CXX_FEATURE:1cxx_raw_string_literals
    Feature record: CXX_FEATURE:1cxx_reference_qualified_functions
    Feature record: CXX_FEATURE:1cxx_relaxed_constexpr
    Feature record: CXX_FEATURE:1cxx_return_type_deduction
    Feature record: CXX_FEATURE:1cxx_right_angle_brackets
    Feature record: CXX_FEATURE:1cxx_rvalue_references
    Feature record: CXX_FEATURE:1cxx_sizeof_member
    Feature record: CXX_FEATURE:1cxx_static_assert
    Feature record: CXX_FEATURE:1cxx_strong_enums
    Feature record: CXX_FEATURE:1cxx_template_template_parameters
    Feature record: CXX_FEATURE:1cxx_thread_local
    Feature record: CXX_FEATURE:1cxx_trailing_return_types
    Feature record: CXX_FEATURE:1cxx_unicode_literals
    Feature record: CXX_FEATURE:1cxx_uniform_initialization
    Feature record: CXX_FEATURE:1cxx_unrestricted_unions
    Feature record: CXX_FEATURE:1cxx_user_literals
    Feature record: CXX_FEATURE:1cxx_variable_templates
    Feature record: CXX_FEATURE:1cxx_variadic_macros
    Feature record: CXX_FEATURE:1cxx_variadic_templates


Detecting CXX [-std=c++14] compiler features compiled with the following output:
Change Dir: /cygdrive/c/Users/lolwuz/Documents/GitHub/C4-lolwuz/cmake-build-debug/CMakeFiles/CMakeTmp

Run Build Command:"/cygdrive/c/cygwin64/bin/make.exe" "cmTC_25fbf/fast"
/cygdrive/c/cygwin64/bin/make -f CMakeFiles/cmTC_25fbf.dir/build.make CMakeFiles/cmTC_25fbf.dir/build
make[1]: Entering directory '/cygdrive/c/Users/lolwuz/Documents/GitHub/C4-lolwuz/cmake-build-debug/CMakeFiles/CMakeTmp'
Building CXX object CMakeFiles/cmTC_25fbf.dir/feature_tests.cxx.o
/cygdrive/c/cygwin64/bin/c++.exe    -std=c++14 -o CMakeFiles/cmTC_25fbf.dir/feature_tests.cxx.o -c /cygdrive/c/Users/lolwuz/Documents/GitHub/C4-lolwuz/cmake-build-debug/CMakeFiles/feature_tests.cxx
Linking CXX executable cmTC_25fbf.exe
/cygdrive/c/Users/lolwuz/.CLion2017.3/system/cygwin_cmake/bin/cmake.exe -E cmake_link_script CMakeFiles/cmTC_25fbf.dir/link.txt --verbose=1
/cygdrive/c/cygwin64/bin/c++.exe    -Wl,--enable-auto-import  CMakeFiles/cmTC_25fbf.dir/feature_tests.cxx.o  -o cmTC_25fbf.exe -Wl,--out-implib,libcmTC_25fbf.dll.a -Wl,--major-image-version,0,--minor-image-version,0 
make[1]: Leaving directory '/cygdrive/c/Users/lolwuz/Documents/GitHub/C4-lolwuz/cmake-build-debug/CMakeFiles/CMakeTmp'


    Feature record: CXX_FEATURE:1cxx_aggregate_default_initializers
    Feature record: CXX_FEATURE:1cxx_alias_templates
    Feature record: CXX_FEATURE:1cxx_alignas
    Feature record: CXX_FEATURE:1cxx_alignof
    Feature record: CXX_FEATURE:1cxx_attributes
    Feature record: CXX_FEATURE:1cxx_attribute_deprecated
    Feature record: CXX_FEATURE:1cxx_auto_type
    Feature record: CXX_FEATURE:1cxx_binary_literals
    Feature record: CXX_FEATURE:1cxx_constexpr
    Feature record: CXX_FEATURE:1cxx_contextual_conversions
    Feature record: CXX_FEATURE:1cxx_decltype
    Feature record: CXX_FEATURE:1cxx_decltype_auto
    Feature record: CXX_FEATURE:1cxx_decltype_incomplete_return_types
    Feature record: CXX_FEATURE:1cxx_default_function_template_args
    Feature record: CXX_FEATURE:1cxx_defaulted_functions
    Feature record: CXX_FEATURE:1cxx_defaulted_move_initializers
    Feature record: CXX_FEATURE:1cxx_delegating_constructors
    Feature record: CXX_FEATURE:1cxx_deleted_functions
    Feature record: CXX_FEATURE:1cxx_digit_separators
    Feature record: CXX_FEATURE:1cxx_enum_forward_declarations
    Feature record: CXX_FEATURE:1cxx_explicit_conversions
    Feature record: CXX_FEATURE:1cxx_extended_friend_declarations
    Feature record: CXX_FEATURE:1cxx_extern_templates
    Feature record: CXX_FEATURE:1cxx_final
    Feature record: CXX_FEATURE:1cxx_func_identifier
    Feature record: CXX_FEATURE:1cxx_generalized_initializers
    Feature record: CXX_FEATURE:1cxx_generic_lambdas
    Feature record: CXX_FEATURE:1cxx_inheriting_constructors
    Feature record: CXX_FEATURE:1cxx_inline_namespaces
    Feature record: CXX_FEATURE:1cxx_lambdas
    Feature record: CXX_FEATURE:1cxx_lambda_init_captures
    Feature record: CXX_FEATURE:1cxx_local_type_template_args
    Feature record: CXX_FEATURE:1cxx_long_long_type
    Feature record: CXX_FEATURE:1cxx_noexcept
    Feature record: CXX_FEATURE:1cxx_nonstatic_member_init
    Feature record: CXX_FEATURE:1cxx_nullptr
    Feature record: CXX_FEATURE:1cxx_override
    Feature record: CXX_FEATURE:1cxx_range_for
    Feature record: CXX_FEATURE:1cxx_raw_string_literals
    Feature record: CXX_FEATURE:1cxx_reference_qualified_functions
    Feature record: CXX_FEATURE:1cxx_relaxed_constexpr
    Feature record: CXX_FEATURE:1cxx_return_type_deduction
    Feature record: CXX_FEATURE:1cxx_right_angle_brackets
    Feature record: CXX_FEATURE:1cxx_rvalue_references
    Feature record: CXX_FEATURE:1cxx_sizeof_member
    Feature record: CXX_FEATURE:1cxx_static_assert
    Feature record: CXX_FEATURE:1cxx_strong_enums
    Feature record: CXX_FEATURE:1cxx_template_template_parameters
    Feature record: CXX_FEATURE:1cxx_thread_local
    Feature record: CXX_FEATURE:1cxx_trailing_return_types
    Feature record: CXX_FEATURE:1cxx_unicode_literals
    Feature record: CXX_FEATURE:1cxx_uniform_initialization
    Feature record: CXX_FEATURE:1cxx_unrestricted_unions
    Feature record: CXX_FEATURE:1cxx_user_literals
    Feature record: CXX_FEATURE:1cxx_variable_templates
    Feature record: CXX_FEATURE:1cxx_variadic_macros
    Feature record: CXX_FEATURE:1cxx_variadic_templates


Detecting CXX [-std=c++11] compiler features compiled with the following output:
Change Dir: /cygdrive/c/Users/lolwuz/Documents/GitHub/C4-lolwuz/cmake-build-debug/CMakeFiles/CMakeTmp

Run Build Command:"/cygdrive/c/cygwin64/bin/make.exe" "cmTC_77af7/fast"
/cygdrive/c/cygwin64/bin/make -f CMakeFiles/cmTC_77af7.dir/build.make CMakeFiles/cmTC_77af7.dir/build
make[1]: Entering directory '/cygdrive/c/Users/lolwuz/Documents/GitHub/C4-lolwuz/cmake-build-debug/CMakeFiles/CMakeTmp'
Building CXX object CMakeFiles/cmTC_77af7.dir/feature_tests.cxx.o
/cygdrive/c/cygwin64/bin/c++.exe    -std=c++11 -o CMakeFiles/cmTC_77af7.dir/feature_tests.cxx.o -c /cygdrive/c/Users/lolwuz/Documents/GitHub/C4-lolwuz/cmake-build-debug/CMakeFiles/feature_tests.cxx
Linking CXX executable cmTC_77af7.exe
/cygdrive/c/Users/lolwuz/.CLion2017.3/system/cygwin_cmake/bin/cmake.exe -E cmake_link_script CMakeFiles/cmTC_77af7.dir/link.txt --verbose=1
/cygdrive/c/cygwin64/bin/c++.exe    -Wl,--enable-auto-import  CMakeFiles/cmTC_77af7.dir/feature_tests.cxx.o  -o cmTC_77af7.exe -Wl,--out-implib,libcmTC_77af7.dll.a -Wl,--major-image-version,0,--minor-image-version,0 
make[1]: Leaving directory '/cygdrive/c/Users/lolwuz/Documents/GitHub/C4-lolwuz/cmake-build-debug/CMakeFiles/CMakeTmp'


    Feature record: CXX_FEATURE:0cxx_aggregate_default_initializers
    Feature record: CXX_FEATURE:1cxx_alias_templates
    Feature record: CXX_FEATURE:1cxx_alignas
    Feature record: CXX_FEATURE:1cxx_alignof
    Feature record: CXX_FEATURE:1cxx_attributes
    Feature record: CXX_FEATURE:0cxx_attribute_deprecated
    Feature record: CXX_FEATURE:1cxx_auto_type
    Feature record: CXX_FEATURE:0cxx_binary_literals
    Feature record: CXX_FEATURE:1cxx_constexpr
    Feature record: CXX_FEATURE:0cxx_contextual_conversions
    Feature record: CXX_FEATURE:1cxx_decltype
    Feature record: CXX_FEATURE:0cxx_decltype_auto
    Feature record: CXX_FEATURE:1cxx_decltype_incomplete_return_types
    Feature record: CXX_FEATURE:1cxx_default_function_template_args
    Feature record: CXX_FEATURE:1cxx_defaulted_functions
    Feature record: CXX_FEATURE:1cxx_defaulted_move_initializers
    Feature record: CXX_FEATURE:1cxx_delegating_constructors
    Feature record: CXX_FEATURE:1cxx_deleted_functions
    Feature record: CXX_FEATURE:0cxx_digit_separators
    Feature record: CXX_FEATURE:1cxx_enum_forward_declarations
    Feature record: CXX_FEATURE:1cxx_explicit_conversions
    Feature record: CXX_FEATURE:1cxx_extended_friend_declarations
    Feature record: CXX_FEATURE:1cxx_extern_templates
    Feature record: CXX_FEATURE:1cxx_final
    Feature record: CXX_FEATURE:1cxx_func_identifier
    Feature record: CXX_FEATURE:1cxx_generalized_initializers
    Feature record: CXX_FEATURE:0cxx_generic_lambdas
    Feature record: CXX_FEATURE:1cxx_inheriting_constructors
    Feature record: CXX_FEATURE:1cxx_inline_namespaces
    Feature record: CXX_FEATURE:1cxx_lambdas
    Feature record: CXX_FEATURE:0cxx_lambda_init_captures
    Feature record: CXX_FEATURE:1cxx_local_type_template_args
    Feature record: CXX_FEATURE:1cxx_long_long_type
    Feature record: CXX_FEATURE:1cxx_noexcept
    Feature record: CXX_FEATURE:1cxx_nonstatic_member_init
    Feature record: CXX_FEATURE:1cxx_nullptr
    Feature record: CXX_FEATURE:1cxx_override
    Feature record: CXX_FEATURE:1cxx_range_for
    Feature record: CXX_FEATURE:1cxx_raw_string_literals
    Feature record: CXX_FEATURE:1cxx_reference_qualified_functions
    Feature record: CXX_FEATURE:0cxx_relaxed_constexpr
    Feature record: CXX_FEATURE:0cxx_return_type_deduction
    Feature record: CXX_FEATURE:1cxx_right_angle_brackets
    Feature record: CXX_FEATURE:1cxx_rvalue_references
    Feature record: CXX_FEATURE:1cxx_sizeof_member
    Feature record: CXX_FEATURE:1cxx_static_assert
    Feature record: CXX_FEATURE:1cxx_strong_enums
    Feature record: CXX_FEATURE:1cxx_template_template_parameters
    Feature record: CXX_FEATURE:1cxx_thread_local
    Feature record: CXX_FEATURE:1cxx_trailing_return_types
    Feature record: CXX_FEATURE:1cxx_unicode_literals
    Feature record: CXX_FEATURE:1cxx_uniform_initialization
    Feature record: CXX_FEATURE:1cxx_unrestricted_unions
    Feature record: CXX_FEATURE:1cxx_user_literals
    Feature record: CXX_FEATURE:0cxx_variable_templates
    Feature record: CXX_FEATURE:1cxx_variadic_macros
    Feature record: CXX_FEATURE:1cxx_variadic_templates


Detecting CXX [-std=c++98] compiler features compiled with the following output:
Change Dir: /cygdrive/c/Users/lolwuz/Documents/GitHub/C4-lolwuz/cmake-build-debug/CMakeFiles/CMakeTmp

Run Build Command:"/cygdrive/c/cygwin64/bin/make.exe" "cmTC_cb8d6/fast"
/cygdrive/c/cygwin64/bin/make -f CMakeFiles/cmTC_cb8d6.dir/build.make CMakeFiles/cmTC_cb8d6.dir/build
make[1]: Entering directory '/cygdrive/c/Users/lolwuz/Documents/GitHub/C4-lolwuz/cmake-build-debug/CMakeFiles/CMakeTmp'
Building CXX object CMakeFiles/cmTC_cb8d6.dir/feature_tests.cxx.o
/cygdrive/c/cygwin64/bin/c++.exe    -std=c++98 -o CMakeFiles/cmTC_cb8d6.dir/feature_tests.cxx.o -c /cygdrive/c/Users/lolwuz/Documents/GitHub/C4-lolwuz/cmake-build-debug/CMakeFiles/feature_tests.cxx
Linking CXX executable cmTC_cb8d6.exe
/cygdrive/c/Users/lolwuz/.CLion2017.3/system/cygwin_cmake/bin/cmake.exe -E cmake_link_script CMakeFiles/cmTC_cb8d6.dir/link.txt --verbose=1
/cygdrive/c/cygwin64/bin/c++.exe    -Wl,--enable-auto-import  CMakeFiles/cmTC_cb8d6.dir/feature_tests.cxx.o  -o cmTC_cb8d6.exe -Wl,--out-implib,libcmTC_cb8d6.dll.a -Wl,--major-image-version,0,--minor-image-version,0 
make[1]: Leaving directory '/cygdrive/c/Users/lolwuz/Documents/GitHub/C4-lolwuz/cmake-build-debug/CMakeFiles/CMakeTmp'


    Feature record: CXX_FEATURE:0cxx_aggregate_default_initializers
    Feature record: CXX_FEATURE:0cxx_alias_templates
    Feature record: CXX_FEATURE:0cxx_alignas
    Feature record: CXX_FEATURE:0cxx_alignof
    Feature record: CXX_FEATURE:0cxx_attributes
    Feature record: CXX_FEATURE:0cxx_attribute_deprecated
    Feature record: CXX_FEATURE:0cxx_auto_type
    Feature record: CXX_FEATURE:0cxx_binary_literals
    Feature record: CXX_FEATURE:0cxx_constexpr
    Feature record: CXX_FEATURE:0cxx_contextual_conversions
    Feature record: CXX_FEATURE:0cxx_decltype
    Feature record: CXX_FEATURE:0cxx_decltype_auto
    Feature record: CXX_FEATURE:0cxx_decltype_incomplete_return_types
    Feature record: CXX_FEATURE:0cxx_default_function_template_args
    Feature record: CXX_FEATURE:0cxx_defaulted_functions
    Feature record: CXX_FEATURE:0cxx_defaulted_move_initializers
    Feature record: CXX_FEATURE:0cxx_delegating_constructors
    Feature record: CXX_FEATURE:0cxx_deleted_functions
    Feature record: CXX_FEATURE:0cxx_digit_separators
    Feature record: CXX_FEATURE:0cxx_enum_forward_declarations
    Feature record: CXX_FEATURE:0cxx_explicit_conversions
    Feature record: CXX_FEATURE:0cxx_extended_friend_declarations
    Feature record: CXX_FEATURE:0cxx_extern_templates
    Feature record: CXX_FEATURE:0cxx_final
    Feature record: CXX_FEATURE:0cxx_func_identifier
    Feature record: CXX_FEATURE:0cxx_generalized_initializers
    Feature record: CXX_FEATURE:0cxx_generic_lambdas
    Feature record: CXX_FEATURE:0cxx_inheriting_constructors
    Feature record: CXX_FEATURE:0cxx_inline_namespaces
    Feature record: CXX_FEATURE:0cxx_lambdas
    Feature record: CXX_FEATURE:0cxx_lambda_init_captures
    Feature record: CXX_FEATURE:0cxx_local_type_template_args
    Feature record: CXX_FEATURE:0cxx_long_long_type
    Feature record: CXX_FEATURE:0cxx_noexcept
    Feature record: CXX_FEATURE:0cxx_nonstatic_member_init
    Feature record: CXX_FEATURE:0cxx_nullptr
    Feature record: CXX_FEATURE:0cxx_override
    Feature record: CXX_FEATURE:0cxx_range_for
    Feature record: CXX_FEATURE:0cxx_raw_string_literals
    Feature record: CXX_FEATURE:0cxx_reference_qualified_functions
    Feature record: CXX_FEATURE:0cxx_relaxed_constexpr
    Feature record: CXX_FEATURE:0cxx_return_type_deduction
    Feature record: CXX_FEATURE:0cxx_right_angle_brackets
    Feature record: CXX_FEATURE:0cxx_rvalue_references
    Feature record: CXX_FEATURE:0cxx_sizeof_member
    Feature record: CXX_FEATURE:0cxx_static_assert
    Feature record: CXX_FEATURE:0cxx_strong_enums
    Feature record: CXX_FEATURE:1cxx_template_template_parameters
    Feature record: CXX_FEATURE:0cxx_thread_local
    Feature record: CXX_FEATURE:0cxx_trailing_return_types
    Feature record: CXX_FEATURE:0cxx_unicode_literals
    Feature record: CXX_FEATURE:0cxx_uniform_initialization
    Feature record: CXX_FEATURE:0cxx_unrestricted_unions
    Feature record: CXX_FEATURE:0cxx_user_literals
    Feature record: CXX_FEATURE:0cxx_variable_templates
    Feature record: CXX_FEATURE:0cxx_variadic_macros
    Feature record: CXX_FEATURE:0cxx_variadic_templates
